This is pdfTeX, Version 3.141592653-2.6-1.40.28 (TeX Live 2025) (preloaded format=pdflatex 2025.6.18)  28 JUN 2025 02:14
entering extended mode
 restricted \write18 enabled.
 file:line:error style messages enabled.
 %&-line parsing enabled.
**"c:/Users/klein/MA Paul Klein/main.tex"
(c:/Users/klein/MA Paul Klein/main.tex
LaTeX2e <2025-06-01> patch level 1
L3 programming layer <2025-05-26>
(./preamble.tex (c:/texlive/2025/texmf-dist/tex/latex/koma-script/scrartcl.cls
Document Class: scrartcl 2025/06/04 v3.45 KOMA-Script document class (article)
(c:/texlive/2025/texmf-dist/tex/latex/koma-script/scrkbase.sty
Package: scrkbase 2025/06/04 v3.45 KOMA-Script package (KOMA-Script-dependent basics and keyval usage)
 (c:/texlive/2025/texmf-dist/tex/latex/koma-script/scrbase.sty
Package: scrbase 2025/06/04 v3.45 KOMA-Script package (KOMA-Script-independent basics and keyval usage)
 (c:/texlive/2025/texmf-dist/tex/latex/koma-script/scrlfile.sty
Package: scrlfile 2025/06/04 v3.45 KOMA-Script package (file load hooks)
 (c:/texlive/2025/texmf-dist/tex/latex/koma-script/scrlfile-hook.sty
Package: scrlfile-hook 2025/06/04 v3.45 KOMA-Script package (using LaTeX hooks)
 (c:/texlive/2025/texmf-dist/tex/latex/koma-script/scrlogo.sty
Package: scrlogo 2025/06/04 v3.45 KOMA-Script package (logo)
))) (c:/texlive/2025/texmf-dist/tex/latex/graphics/keyval.sty
Package: keyval 2022/05/29 v1.15 key=value parser (DPC)
\KV@toks@=\toks17
)
Applying: [2021/05/01] Usage of raw or classic option list on input line 254.
Already applied: [0000/00/00] Usage of raw or classic option list on input line 370.
)) (c:/texlive/2025/texmf-dist/tex/latex/koma-script/tocbasic.sty
Package: tocbasic 2025/06/04 v3.45 KOMA-Script package (handling toc-files)
\scr@dte@tocline@numberwidth=\skip49
\scr@dte@tocline@numbox=\box53
)
Package tocbasic Info: omitting babel extension for `toc'
(tocbasic)             because of feature `nobabel' available
(tocbasic)             for `toc' on input line 135.
Package scrartcl Info: You've used standard option `12pt'.
(scrartcl)             This is correct!
(scrartcl)             Internally I'm using `fontsize=12pt'.
(scrartcl)             If you'd like to set the option with \KOMAoptions,
(scrartcl)             you'd have to use `fontsize=12pt' there
(scrartcl)             instead of `12pt', too.
Class scrartcl Info: File `scrsize12pt.clo' used to setup font sizes on input line 2476.
 (c:/texlive/2025/texmf-dist/tex/latex/koma-script/scrsize12pt.clo
File: scrsize12pt.clo 2025/06/04 v3.45 KOMA-Script font size class option (12pt)
) (c:/texlive/2025/texmf-dist/tex/latex/koma-script/typearea.sty
Package: typearea 2025/06/04 v3.45 KOMA-Script package (type area)
\ta@bcor=\skip50
\ta@div=\count275
Package typearea Info: You've used standard option `a4paper'.
(typearea)             This is correct!
(typearea)             Internally I'm using `paper=a4'.
(typearea)             If you'd like to set the option with \KOMAoptions,
(typearea)             you'd have to use `paper=a4' there
(typearea)             instead of `a4paper', too.
\ta@hblk=\skip51
\ta@vblk=\skip52
\ta@temp=\skip53
\footheight=\skip54
Package typearea Info: These are the values describing the layout:
(typearea)             DIV  = 12
(typearea)             BCOR = 0.0pt
(typearea)             \paperwidth      = 597.50793pt
(typearea)              \textwidth      = 448.13095pt
(typearea)              DIV departure   = -6%
(typearea)              \evensidemargin = 2.4185pt
(typearea)              \oddsidemargin  = 2.4185pt
(typearea)             \paperheight     = 845.04694pt
(typearea)              \textheight     = 635.5pt
(typearea)              \topmargin      = -41.72441pt
(typearea)              \headheight     = 18.125pt
(typearea)              \headsep        = 21.75pt
(typearea)              \topskip        = 12.0pt
(typearea)              \footskip       = 50.75pt
(typearea)              \baselineskip   = 14.5pt
(typearea)              on input line 1804.
)
\c@part=\count276
\c@section=\count277
\c@subsection=\count278
\c@subsubsection=\count279
\c@paragraph=\count280
\c@subparagraph=\count281
\scr@dte@section@maxnumwidth=\skip55
Class scrartcl Info: using compatibility default `runin=bysign'
(scrartcl)           for `\section on input line 5149.
Class scrartcl Info: using compatibility default `afterindent=bysign'
(scrartcl)           for `\section on input line 5149.
\scr@dte@part@maxnumwidth=\skip56
Class scrartcl Info: using compatibility default `afterindent=false'
(scrartcl)           for `\part on input line 5157.
\scr@dte@subsection@maxnumwidth=\skip57
Class scrartcl Info: using compatibility default `runin=bysign'
(scrartcl)           for `\subsection on input line 5167.
Class scrartcl Info: using compatibility default `afterindent=bysign'
(scrartcl)           for `\subsection on input line 5167.
\scr@dte@subsubsection@maxnumwidth=\skip58
Class scrartcl Info: using compatibility default `runin=bysign'
(scrartcl)           for `\subsubsection on input line 5177.
Class scrartcl Info: using compatibility default `afterindent=bysign'
(scrartcl)           for `\subsubsection on input line 5177.
\scr@dte@paragraph@maxnumwidth=\skip59
Class scrartcl Info: using compatibility default `runin=bysign'
(scrartcl)           for `\paragraph on input line 5188.
Class scrartcl Info: using compatibility default `afterindent=bysign'
(scrartcl)           for `\paragraph on input line 5188.
\scr@dte@subparagraph@maxnumwidth=\skip60
Class scrartcl Info: using compatibility default `runin=bysign'
(scrartcl)           for `\subparagraph on input line 5198.
Class scrartcl Info: using compatibility default `afterindent=bysign'
(scrartcl)           for `\subparagraph on input line 5198.
\abovecaptionskip=\skip61
\belowcaptionskip=\skip62
\c@pti@nb@sid@b@x=\box54
Package tocbasic Info: omitting babel extension for `lof'
(tocbasic)             because of feature `nobabel' available
(tocbasic)             for `lof' on input line 6394.
\scr@dte@figure@maxnumwidth=\skip63
\c@figure=\count282
Package tocbasic Info: omitting babel extension for `lot'
(tocbasic)             because of feature `nobabel' available
(tocbasic)             for `lot' on input line 6410.
\scr@dte@table@maxnumwidth=\skip64
\c@table=\count283
Class scrartcl Info: Redefining `\numberline' on input line 6580.
\bibindent=\dimen148
) (c:/texlive/2025/texmf-dist/tex/latex/base/inputenc.sty
Package: inputenc 2024/02/08 v1.3d Input encoding file
\inpenc@prehook=\toks18
\inpenc@posthook=\toks19
) (c:/texlive/2025/texmf-dist/tex/latex/lm/lmodern.sty
Package: lmodern 2015/05/01 v1.6.1 Latin Modern Fonts
LaTeX Font Info:    Overwriting symbol font `operators' in version `normal'
(Font)                  OT1/cmr/m/n --> OT1/lmr/m/n on input line 22.
LaTeX Font Info:    Overwriting symbol font `letters' in version `normal'
(Font)                  OML/cmm/m/it --> OML/lmm/m/it on input line 23.
LaTeX Font Info:    Overwriting symbol font `symbols' in version `normal'
(Font)                  OMS/cmsy/m/n --> OMS/lmsy/m/n on input line 24.
LaTeX Font Info:    Overwriting symbol font `largesymbols' in version `normal'
(Font)                  OMX/cmex/m/n --> OMX/lmex/m/n on input line 25.
LaTeX Font Info:    Overwriting symbol font `operators' in version `bold'
(Font)                  OT1/cmr/bx/n --> OT1/lmr/bx/n on input line 26.
LaTeX Font Info:    Overwriting symbol font `letters' in version `bold'
(Font)                  OML/cmm/b/it --> OML/lmm/b/it on input line 27.
LaTeX Font Info:    Overwriting symbol font `symbols' in version `bold'
(Font)                  OMS/cmsy/b/n --> OMS/lmsy/b/n on input line 28.
LaTeX Font Info:    Overwriting symbol font `largesymbols' in version `bold'
(Font)                  OMX/cmex/m/n --> OMX/lmex/m/n on input line 29.
LaTeX Font Info:    Overwriting math alphabet `\mathbf' in version `normal'
(Font)                  OT1/cmr/bx/n --> OT1/lmr/bx/n on input line 31.
LaTeX Font Info:    Overwriting math alphabet `\mathsf' in version `normal'
(Font)                  OT1/cmss/m/n --> OT1/lmss/m/n on input line 32.
LaTeX Font Info:    Overwriting math alphabet `\mathit' in version `normal'
(Font)                  OT1/cmr/m/it --> OT1/lmr/m/it on input line 33.
LaTeX Font Info:    Overwriting math alphabet `\mathtt' in version `normal'
(Font)                  OT1/cmtt/m/n --> OT1/lmtt/m/n on input line 34.
LaTeX Font Info:    Overwriting math alphabet `\mathbf' in version `bold'
(Font)                  OT1/cmr/bx/n --> OT1/lmr/bx/n on input line 35.
LaTeX Font Info:    Overwriting math alphabet `\mathsf' in version `bold'
(Font)                  OT1/cmss/bx/n --> OT1/lmss/bx/n on input line 36.
LaTeX Font Info:    Overwriting math alphabet `\mathit' in version `bold'
(Font)                  OT1/cmr/bx/it --> OT1/lmr/bx/it on input line 37.
LaTeX Font Info:    Overwriting math alphabet `\mathtt' in version `bold'
(Font)                  OT1/cmtt/m/n --> OT1/lmtt/m/n on input line 38.
) (c:/texlive/2025/texmf-dist/tex/latex/base/fontenc.sty
Package: fontenc 2024/12/21 v2.1c Standard LaTeX package
LaTeX Font Info:    Trying to load font information for T1+lmr on input line 116.
 (c:/texlive/2025/texmf-dist/tex/latex/lm/t1lmr.fd
File: t1lmr.fd 2015/05/01 v1.6.1 Font defs for Latin Modern
)) (c:/texlive/2025/texmf-dist/tex/latex/setspace/setspace.sty
Package: setspace 2022/12/04 v6.7b set line spacing
) (c:/texlive/2025/texmf-dist/tex/generic/babel/babel.sty
Package: babel 2025/06/10 v25.10 The multilingual framework for pdfLaTeX, LuaLaTeX and XeLaTeX
\babel@savecnt=\count284
LaTeX Encoding Info:    Redeclaring text command \ij (encoding OT1) on input line 2043.
LaTeX Encoding Info:    Redeclaring text command \IJ (encoding OT1) on input line 2045.
LaTeX Encoding Info:    Redeclaring text command \ij (encoding T1) on input line 2047.
LaTeX Encoding Info:    Redeclaring text command \IJ (encoding T1) on input line 2048.
LaTeX Encoding Info:    Ignoring declaration for text command \ij (encoding ?) on input line 2049.
LaTeX Encoding Info:    Ignoring declaration for text command \IJ (encoding ?) on input line 2051.
LaTeX Encoding Info:    Ignoring declaration for text command \SS (encoding ?) on input line 2076.
\U@D=\dimen149
\l@unhyphenated=\language90
 (c:/texlive/2025/texmf-dist/tex/generic/babel/txtbabel.def)
\bbl@readstream=\read2
\bbl@dirlevel=\count285
 (c:/texlive/2025/texmf-dist/tex/generic/babel-german/ngerman.ldf
Language: ngerman 2024/12/10 v2.15 German support for babel (post-1996 orthography)
 (c:/texlive/2025/texmf-dist/tex/generic/babel/locale/de/babel-ngerman.tex
Package babel Info: Importing font and identification data for ngerman
(babel)             from babel-de.ini. Reported on input line 11.
) (c:/texlive/2025/texmf-dist/tex/generic/babel-german/ngermanb.ldf
Language: ngermanb 2024/12/10 v2.15 German support for babel (post-1996 orthography)
Package babel Info: Making " an active character on input line 122.
))) (c:/texlive/2025/texmf-dist/tex/latex/geometry/geometry.sty
Package: geometry 2020/01/02 v5.9 Page Geometry
 (c:/texlive/2025/texmf-dist/tex/generic/iftex/ifvtex.sty
Package: ifvtex 2019/10/25 v1.7 ifvtex legacy package. Use iftex instead.
 (c:/texlive/2025/texmf-dist/tex/generic/iftex/iftex.sty
Package: iftex 2024/12/12 v1.0g TeX engine tests
))
\Gm@cnth=\count286
\Gm@cntv=\count287
\c@Gm@tempcnt=\count288
\Gm@bindingoffset=\dimen150
\Gm@wd@mp=\dimen151
\Gm@odd@mp=\dimen152
\Gm@even@mp=\dimen153
\Gm@layoutwidth=\dimen154
\Gm@layoutheight=\dimen155
\Gm@layouthoffset=\dimen156
\Gm@layoutvoffset=\dimen157
\Gm@dimlist=\toks20
) (c:/texlive/2025/texmf-dist/tex/latex/csquotes/csquotes.sty
Package: csquotes 2024-04-04 v5.2o context-sensitive quotations (JAW)
 (c:/texlive/2025/texmf-dist/tex/latex/etoolbox/etoolbox.sty
Package: etoolbox 2025/02/11 v2.5l e-TeX tools for LaTeX (JAW)
\etb@tempcnta=\count289
)
\csq@reset=\count290
\csq@gtype=\count291
\csq@glevel=\count292
\csq@qlevel=\count293
\csq@maxlvl=\count294
\csq@tshold=\count295
\csq@ltx@everypar=\toks21
 (c:/texlive/2025/texmf-dist/tex/latex/csquotes/csquotes.def
File: csquotes.def 2024-04-04 v5.2o csquotes generic definitions (JAW)
)
Package csquotes Info: Trying to load configuration file 'csquotes.cfg'...
Package csquotes Info: ... configuration file loaded successfully.
 (c:/texlive/2025/texmf-dist/tex/latex/csquotes/csquotes.cfg
File: csquotes.cfg 
)
Package csquotes Info: Enabling multilingual quotes.
) (c:/texlive/2025/texmf-dist/tex/latex/biblatex/biblatex.sty
Package: biblatex 2024/03/21 v3.20 programmable bibliographies (PK/MW)
 (c:/texlive/2025/texmf-dist/tex/generic/pdftexcmds/pdftexcmds.sty
Package: pdftexcmds 2020-06-27 v0.33 Utility functions of pdfTeX for LuaTeX (HO)
 (c:/texlive/2025/texmf-dist/tex/generic/infwarerr/infwarerr.sty
Package: infwarerr 2019/12/03 v1.5 Providing info/warning/error messages (HO)
) (c:/texlive/2025/texmf-dist/tex/generic/ltxcmds/ltxcmds.sty
Package: ltxcmds 2023-12-04 v1.26 LaTeX kernel commands for general use (HO)
)
Package pdftexcmds Info: \pdf@primitive is available.
Package pdftexcmds Info: \pdf@ifprimitive is available.
Package pdftexcmds Info: \pdfdraftmode found.
) (c:/texlive/2025/texmf-dist/tex/latex/kvoptions/kvoptions.sty
Package: kvoptions 2022-06-15 v3.15 Key value format for package options (HO)
 (c:/texlive/2025/texmf-dist/tex/latex/kvsetkeys/kvsetkeys.sty
Package: kvsetkeys 2022-10-05 v1.19 Key value parser (HO)
)) (c:/texlive/2025/texmf-dist/tex/latex/logreq/logreq.sty
Package: logreq 2010/08/04 v1.0 xml request logger
\lrq@indent=\count296
 (c:/texlive/2025/texmf-dist/tex/latex/logreq/logreq.def
File: logreq.def 2010/08/04 v1.0 logreq spec v1.0
)) (c:/texlive/2025/texmf-dist/tex/latex/base/ifthen.sty
Package: ifthen 2024/03/16 v1.1e Standard LaTeX ifthen package (DPC)
) (c:/texlive/2025/texmf-dist/tex/latex/url/url.sty
\Urlmuskip=\muskip17
Package: url 2013/09/16  ver 3.4  Verb mode for urls, etc.
)
\c@tabx@nest=\count297
\c@listtotal=\count298
\c@listcount=\count299
\c@liststart=\count300
\c@liststop=\count301
\c@citecount=\count302
\c@citetotal=\count303
\c@multicitecount=\count304
\c@multicitetotal=\count305
\c@instcount=\count306
\c@maxnames=\count307
\c@minnames=\count308
\c@maxitems=\count309
\c@minitems=\count310
\c@citecounter=\count311
\c@maxcitecounter=\count312
\c@savedcitecounter=\count313
\c@uniquelist=\count314
\c@uniquename=\count315
\c@refsection=\count316
\c@refsegment=\count317
\c@maxextratitle=\count318
\c@maxextratitleyear=\count319
\c@maxextraname=\count320
\c@maxextradate=\count321
\c@maxextraalpha=\count322
\c@abbrvpenalty=\count323
\c@highnamepenalty=\count324
\c@lownamepenalty=\count325
\c@maxparens=\count326
\c@parenlevel=\count327
\blx@tempcnta=\count328
\blx@tempcntb=\count329
\blx@tempcntc=\count330
\c@blx@maxsection=\count331
\blx@maxsegment@0=\count332
\blx@notetype=\count333
\blx@parenlevel@text=\count334
\blx@parenlevel@foot=\count335
\blx@sectionciteorder@0=\count336
\blx@sectionciteorderinternal@0=\count337
\blx@entrysetcounter=\count338
\blx@biblioinstance=\count339
\labelnumberwidth=\skip65
\labelalphawidth=\skip66
\biblabelsep=\skip67
\bibitemsep=\skip68
\bibnamesep=\skip69
\bibinitsep=\skip70
\bibparsep=\skip71
\bibhang=\skip72
\blx@bcfin=\read3
\blx@bcfout=\write3
\blx@langwohyphens=\language91
\c@mincomprange=\count340
\c@maxcomprange=\count341
\c@mincompwidth=\count342
Package biblatex Info: Trying to load biblatex default data model...
Package biblatex Info: ... file 'blx-dm.def' found.
 (c:/texlive/2025/texmf-dist/tex/latex/biblatex/blx-dm.def
File: blx-dm.def 2024/03/21 v3.20 biblatex datamodel (PK/MW)
)
Package biblatex Info: Trying to load biblatex style data model...
Package biblatex Info: ... file 'authoryear-icomp.dbx' not found.
Package biblatex Info: Trying to load biblatex custom data model...
Package biblatex Info: ... file 'biblatex-dm.cfg' not found.
\c@afterword=\count343
\c@savedafterword=\count344
\c@annotator=\count345
\c@savedannotator=\count346
\c@author=\count347
\c@savedauthor=\count348
\c@bookauthor=\count349
\c@savedbookauthor=\count350
\c@commentator=\count351
\c@savedcommentator=\count352
\c@editor=\count353
\c@savededitor=\count354
\c@editora=\count355
\c@savededitora=\count356
\c@editorb=\count357
\c@savededitorb=\count358
\c@editorc=\count359
\c@savededitorc=\count360
\c@foreword=\count361
\c@savedforeword=\count362
\c@holder=\count363
\c@savedholder=\count364
\c@introduction=\count365
\c@savedintroduction=\count366
\c@namea=\count367
\c@savednamea=\count368
\c@nameb=\count369
\c@savednameb=\count370
\c@namec=\count371
\c@savednamec=\count372
\c@translator=\count373
\c@savedtranslator=\count374
\c@shortauthor=\count375
\c@savedshortauthor=\count376
\c@shorteditor=\count377
\c@savedshorteditor=\count378
\c@labelname=\count379
\c@savedlabelname=\count380
\c@institution=\count381
\c@savedinstitution=\count382
\c@lista=\count383
\c@savedlista=\count384
\c@listb=\count385
\c@savedlistb=\count386
\c@listc=\count387
\c@savedlistc=\count388
\c@listd=\count389
\c@savedlistd=\count390
\c@liste=\count391
\c@savedliste=\count392
\c@listf=\count393
\c@savedlistf=\count394
\c@location=\count395
\c@savedlocation=\count396
\c@organization=\count397
\c@savedorganization=\count398
\c@origlocation=\count399
\c@savedoriglocation=\count400
\c@origpublisher=\count401
\c@savedorigpublisher=\count402
\c@publisher=\count403
\c@savedpublisher=\count404
\c@language=\count405
\c@savedlanguage=\count406
\c@origlanguage=\count407
\c@savedoriglanguage=\count408
\c@pageref=\count409
\c@savedpageref=\count410
\shorthandwidth=\skip73
\shortjournalwidth=\skip74
\shortserieswidth=\skip75
\shorttitlewidth=\skip76
\shortauthorwidth=\skip77
\shorteditorwidth=\skip78
\locallabelnumberwidth=\skip79
\locallabelalphawidth=\skip80
\localshorthandwidth=\skip81
\localshortjournalwidth=\skip82
\localshortserieswidth=\skip83
\localshorttitlewidth=\skip84
\localshortauthorwidth=\skip85
\localshorteditorwidth=\skip86
Package biblatex Info: Trying to load compatibility code...
Package biblatex Info: ... file 'blx-compat.def' found.
 (c:/texlive/2025/texmf-dist/tex/latex/biblatex/blx-compat.def
File: blx-compat.def 2024/03/21 v3.20 biblatex compatibility (PK/MW)
)
Package biblatex Info: Trying to load generic definitions...
Package biblatex Info: ... file 'biblatex.def' found.
 (c:/texlive/2025/texmf-dist/tex/latex/biblatex/biblatex.def
File: biblatex.def 2024/03/21 v3.20 biblatex compatibility (PK/MW)
\c@textcitecount=\count411
\c@textcitetotal=\count412
\c@textcitemaxnames=\count413
\c@biburlbigbreakpenalty=\count414
\c@biburlbreakpenalty=\count415
\c@biburlnumpenalty=\count416
\c@biburlucpenalty=\count417
\c@biburllcpenalty=\count418
\biburlbigskip=\muskip18
\biburlnumskip=\muskip19
\biburlucskip=\muskip20
\biburllcskip=\muskip21
\c@smartand=\count419
)
Package biblatex Info: Trying to load bibliography style 'authoryear'...
Package biblatex Info: ... file 'authoryear.bbx' found.
 (c:/texlive/2025/texmf-dist/tex/latex/biblatex/bbx/authoryear.bbx
File: authoryear.bbx 2024/03/21 v3.20 biblatex bibliography style (PK/MW)
Package biblatex Info: Trying to load bibliography style 'standard'...
Package biblatex Info: ... file 'standard.bbx' found.
 (c:/texlive/2025/texmf-dist/tex/latex/biblatex/bbx/standard.bbx
File: standard.bbx 2024/03/21 v3.20 biblatex bibliography style (PK/MW)
\c@bbx:relatedcount=\count420
\c@bbx:relatedtotal=\count421
))
Package biblatex Info: Trying to load citation style 'authoryear-icomp'...
Package biblatex Info: ... file 'authoryear-icomp.cbx' found.
 (c:/texlive/2025/texmf-dist/tex/latex/biblatex/cbx/authoryear-icomp.cbx
File: authoryear-icomp.cbx 2024/03/21 v3.20 biblatex citation style (PK/MW)
Package biblatex Info: Redefining '\cite'.
Package biblatex Info: Redefining '\parencite'.
Package biblatex Info: Redefining '\footcite'.
Package biblatex Info: Redefining '\footcitetext'.
Package biblatex Info: Redefining '\smartcite'.
Package biblatex Info: Redefining '\textcite'.
Package biblatex Info: Redefining '\textcites'.
Package biblatex Info: Redefining '\cites'.
Package biblatex Info: Redefining '\parencites'.
Package biblatex Info: Redefining '\footcites'.
Package biblatex Info: Redefining '\footcitetexts'.
Package biblatex Info: Redefining '\smartcites'.
)
Package biblatex Info: Trying to load configuration file...
Package biblatex Info: ... file 'biblatex.cfg' found.
 (c:/texlive/2025/texmf-dist/tex/latex/biblatex/biblatex.cfg
File: biblatex.cfg 
)
Package biblatex Info: Input encoding 'utf8' detected.
Package biblatex Info: Document encoding is UTF8 ....
 (c:/texlive/2025/texmf-dist/tex/latex/l3kernel/expl3.sty
Package: expl3 2025-05-26 L3 programming layer (loader) 
 (c:/texlive/2025/texmf-dist/tex/latex/l3backend/l3backend-pdftex.def
File: l3backend-pdftex.def 2025-04-14 L3 backend support: PDF output (pdfTeX)
\l__color_backend_stack_int=\count422
))
Package biblatex Info: ... and expl3
(biblatex)             2025-05-26 L3 programming layer (loader) 
(biblatex)             is new enough (at least 2020/04/06),
(biblatex)             setting 'casechanger=expl3'.
 (c:/texlive/2025/texmf-dist/tex/latex/biblatex/blx-case-expl3.sty (c:/texlive/2025/texmf-dist/tex/latex/l3packages/xparse/xparse.sty
Package: xparse 2024-08-16 L3 Experimental document command parser
)
Package: blx-case-expl3 2024/03/21 v3.20 expl3 case changing code for biblatex
)) (c:/texlive/2025/texmf-dist/tex/latex/pdfpages/pdfpages.sty
Package: pdfpages 2025/03/12 v0.6f Insert pages of external PDF documents (AM)
 (c:/texlive/2025/texmf-dist/tex/latex/tools/calc.sty
Package: calc 2025/03/01 v4.3b Infix arithmetic (KKT,FJ)
\calc@Acount=\count423
\calc@Bcount=\count424
\calc@Adimen=\dimen158
\calc@Bdimen=\dimen159
\calc@Askip=\skip87
\calc@Bskip=\skip88
LaTeX Info: Redefining \setlength on input line 86.
LaTeX Info: Redefining \addtolength on input line 87.
\calc@Ccount=\count425
\calc@Cskip=\skip89
) (c:/texlive/2025/texmf-dist/tex/latex/eso-pic/eso-pic.sty
Package: eso-pic 2023/05/03 v3.0c eso-pic (RN)
\ESO@tempdima=\dimen160
\ESO@tempdimb=\dimen161
 (c:/texlive/2025/texmf-dist/tex/latex/xcolor/xcolor.sty
Package: xcolor 2024/09/29 v3.02 LaTeX color extensions (UK)
 (c:/texlive/2025/texmf-dist/tex/latex/graphics-cfg/color.cfg
File: color.cfg 2016/01/02 v1.6 sample color configuration
)
Package xcolor Info: Driver file: pdftex.def on input line 274.
 (c:/texlive/2025/texmf-dist/tex/latex/graphics-def/pdftex.def
File: pdftex.def 2024/04/13 v1.2c Graphics/color driver for pdftex
) (c:/texlive/2025/texmf-dist/tex/latex/graphics/mathcolor.ltx)
Package xcolor Info: Model `cmy' substituted by `cmy0' on input line 1349.
Package xcolor Info: Model `hsb' substituted by `rgb' on input line 1353.
Package xcolor Info: Model `RGB' extended on input line 1365.
Package xcolor Info: Model `HTML' substituted by `rgb' on input line 1367.
Package xcolor Info: Model `Hsb' substituted by `hsb' on input line 1368.
Package xcolor Info: Model `tHsb' substituted by `hsb' on input line 1369.
Package xcolor Info: Model `HSB' substituted by `hsb' on input line 1370.
Package xcolor Info: Model `Gray' substituted by `gray' on input line 1371.
Package xcolor Info: Model `wave' substituted by `hsb' on input line 1372.
)) (c:/texlive/2025/texmf-dist/tex/latex/graphics/graphicx.sty
Package: graphicx 2024/12/31 v1.2e Enhanced LaTeX Graphics (DPC,SPQR)
 (c:/texlive/2025/texmf-dist/tex/latex/graphics/graphics.sty
Package: graphics 2024/08/06 v1.4g Standard LaTeX Graphics (DPC,SPQR)
 (c:/texlive/2025/texmf-dist/tex/latex/graphics/trig.sty
Package: trig 2023/12/02 v1.11 sin cos tan (DPC)
) (c:/texlive/2025/texmf-dist/tex/latex/graphics-cfg/graphics.cfg
File: graphics.cfg 2016/06/04 v1.11 sample graphics configuration
)
Package graphics Info: Driver file: pdftex.def on input line 106.
)
\Gin@req@height=\dimen162
\Gin@req@width=\dimen163
)
\AM@pagewidth=\dimen164
\AM@pageheight=\dimen165
\AM@fboxrule=\dimen166
 (c:/texlive/2025/texmf-dist/tex/latex/pdfpages/pppdftex.def
File: pppdftex.def 2025/03/12 v0.6f Pdfpages driver for pdfTeX (AM)
)
\pdfpages@includegraphics@status=\count426
\AM@pagebox=\box55
\AM@global@opts=\toks22
\AM@pagecnt=\count427
\AM@toc@title=\toks23
\AM@lof@heading=\toks24
\c@AM@survey=\count428
\AM@templatesizebox=\box56
) (c:/texlive/2025/texmf-dist/tex/latex/float/float.sty
Package: float 2001/11/08 v1.3d Float enhancements (AL)
\c@float@type=\count429
\float@exts=\toks25
\float@box=\box57
\@float@everytoks=\toks26
\@floatcapt=\box58
) (c:/texlive/2025/texmf-dist/tex/latex/psnfss/times.sty
Package: times 2020/03/25 PSNFSS-v9.3 (SPQR) 
) (c:/texlive/2025/texmf-dist/tex/generic/thumbpdf/thumbpdf.sty
Package: thumbpdf 2018/09/07 v3.17 Inclusion of thumbnails (HO)
THUMBPDF: Compressed PDF objects of PDF 1.5 are not supported
) (c:/texlive/2025/texmf-dist/tex/latex/glossaries/base/glossaries.sty
Package: glossaries 2025/05/14 v4.7 (NLCT)
 (c:/texlive/2025/texmf-dist/tex/latex/xkeyval/xkeyval.sty
Package: xkeyval 2022/06/16 v2.9 package option processing (HA)
 (c:/texlive/2025/texmf-dist/tex/generic/xkeyval/xkeyval.tex (c:/texlive/2025/texmf-dist/tex/generic/xkeyval/xkvutils.tex
\XKV@toks=\toks27
\XKV@tempa@toks=\toks28
)
\XKV@depth=\count430
File: xkeyval.tex 2014/12/03 v2.7a key=value parser (HA)
)) (c:/texlive/2025/texmf-dist/tex/latex/mfirstuc/mfirstuc.sty
Package: mfirstuc 2025/04/03 v2.09 (NLCT)
\@glsmfirst=\toks29
\@glsmrest=\toks30
) (c:/texlive/2025/texmf-dist/tex/latex/xfor/xfor.sty
Package: xfor 2009/02/05 v1.05 (NLCT)
) (c:/texlive/2025/texmf-dist/tex/latex/amsmath/amsgen.sty
File: amsgen.sty 1999/11/30 v2.0 generic functions
\@emptytoks=\toks31
\ex@=\dimen167
) (c:/texlive/2025/texmf-dist/tex/latex/tracklang/tracklang.sty
Package: tracklang 2025/03/11 v1.6.6 (NLCT) Track Languages
 (c:/texlive/2025/texmf-dist/tex/generic/tracklang/tracklang.tex)
Package tracklang Info: Tracking dialect `ngerman' (language `german') on input line 53.
) (c:/texlive/2025/texmf-dist/tex/latex/translator/translator.sty
Package: translator 2021-05-31 v1.12d Easy translation of strings in LaTeX
) (c:/texlive/2025/texmf-dist/tex/latex/glossaries-german/glossaries-german.ldf
File: glossaries-german.ldf 2014/11/23 v1.0
) (c:/texlive/2025/texmf-dist/tex/latex/datatool/datatool-base.sty
Package: datatool-base 2025/04/25 v3.4.1 (NLCT)
 (c:/texlive/2025/texmf-dist/tex/latex/amsmath/amsmath.sty
Package: amsmath 2025/05/18 v2.17x AMS math features
\@mathmargin=\skip90

For additional information on amsmath, use the `?' option.
(c:/texlive/2025/texmf-dist/tex/latex/amsmath/amstext.sty
Package: amstext 2024/11/17 v2.01 AMS text
) (c:/texlive/2025/texmf-dist/tex/latex/amsmath/amsbsy.sty
Package: amsbsy 1999/11/29 v1.2d Bold Symbols
\pmbraise@=\dimen168
) (c:/texlive/2025/texmf-dist/tex/latex/amsmath/amsopn.sty
Package: amsopn 2022/04/08 v2.04 operator names
)
\inf@bad=\count431
LaTeX Info: Redefining \frac on input line 233.
\uproot@=\count432
\leftroot@=\count433
LaTeX Info: Redefining \overline on input line 398.
LaTeX Info: Redefining \colon on input line 409.
\classnum@=\count434
\DOTSCASE@=\count435
LaTeX Info: Redefining \ldots on input line 495.
LaTeX Info: Redefining \dots on input line 498.
LaTeX Info: Redefining \cdots on input line 619.
\Mathstrutbox@=\box59
\strutbox@=\box60
LaTeX Info: Redefining \big on input line 721.
LaTeX Info: Redefining \Big on input line 722.
LaTeX Info: Redefining \bigg on input line 723.
LaTeX Info: Redefining \Bigg on input line 724.
\big@size=\dimen169
LaTeX Font Info:    Redeclaring font encoding OML on input line 742.
LaTeX Font Info:    Redeclaring font encoding OMS on input line 743.
\macc@depth=\count436
LaTeX Info: Redefining \bmod on input line 904.
LaTeX Info: Redefining \pmod on input line 909.
LaTeX Info: Redefining \smash on input line 939.
LaTeX Info: Redefining \relbar on input line 969.
LaTeX Info: Redefining \Relbar on input line 970.
\c@MaxMatrixCols=\count437
\dotsspace@=\muskip22
\c@parentequation=\count438
\dspbrk@lvl=\count439
\tag@help=\toks32
\row@=\count440
\column@=\count441
\maxfields@=\count442
\andhelp@=\toks33
\eqnshift@=\dimen170
\alignsep@=\dimen171
\tagshift@=\dimen172
\tagwidth@=\dimen173
\totwidth@=\dimen174
\lineht@=\dimen175
\@envbody=\toks34
\multlinegap=\skip91
\multlinetaggap=\skip92
\mathdisplay@stack=\toks35
LaTeX Info: Redefining \[ on input line 2949.
LaTeX Info: Redefining \] on input line 2950.
) (c:/texlive/2025/texmf-dist/tex/latex/datatool/datatool-l3fp.def
File: datatool-l3fp.def 2025/04/25 v3.4.1 (NLCT)
)
\@dtl@toks=\toks36
\@dtl@tmpcount=\count443
\dtl@tmplength=\skip93
\l__datatool_measure_box=\box61
\dtl@sortresult=\count444
 (c:/texlive/2025/texmf-dist/tex/latex/datatool/datatool-utf8.ldf
File: datatool-utf8.ldf 2025/04/25 v3.4.1 (NLCT)
)
\@dtl@datatype=\count445
\l__datatool_tmpa_int=\count446
\l__datatool_tmpb_int=\count447
\l__datatool_tmpc_int=\count448
\l__datatool_tmpd_int=\count449
\l__datatool_count_int=\count450
\l__datatool_tmp_datatype_int=\count451
\l__datatool_tmpa_dim=\dimen176
\l__datatool_tmpb_dim=\dimen177
\c_datatool_unknown_int=\count452
\l__datatool_year_int=\count453
\l__datatool_month_int=\count454
\l__datatool_day_int=\count455
\l__datatool_hour_int=\count456
\l__datatool_minute_int=\count457
\l__datatool_second_int=\count458
\l__datatool_tzhour_int=\count459
\l__datatool_tzminute_int=\count460
\l__datatool_julian_int=\count461
\l__datatool_local_julian_int=\count462
\l__datatool_prefix_int=\count463
\l__datatool_suffix_int=\count464
\@dtl@foreach@level=\count465


Package tracklang Warning: No `datatool' support for dialect `ngerman'  on input line 9908.

\dtl@codeA=\count466
\dtl@codeB=\count467
)
\gls@level=\count468
\@gls@tmpb=\toks37
\gls@tmplen=\skip94
\l__glossaries_tmpa_dim=\dimen178
\l__glossaries_tmpb_dim=\dimen179
\glskeylisttok=\toks38
\glslabeltok=\toks39
\glsshorttok=\toks40
\glslongtok=\toks41
 (c:/texlive/2025/texmf-dist/tex/latex/glossaries/styles/glossary-hypernav.sty
Package: glossary-hypernav 2025/05/14 v4.7 (NLCT)
) (c:/texlive/2025/texmf-dist/tex/latex/glossaries/styles/glossary-list.sty
Package: glossary-list 2025/05/14 v4.7 (NLCT)
\glslistdottedwidth=\skip95
) (c:/texlive/2025/texmf-dist/tex/latex/glossaries/styles/glossary-long.sty
Package: glossary-long 2025/05/14 v4.7 (NLCT)
 (c:/texlive/2025/texmf-dist/tex/latex/tools/longtable.sty
Package: longtable 2024-12-18 v4.23 Multi-page Table package (DPC)
\LTleft=\skip96
\LTright=\skip97
\LTpre=\skip98
\LTpost=\skip99
\LTchunksize=\count469
\LTcapwidth=\dimen180
\LT@head=\box62
\LT@firsthead=\box63
\LT@foot=\box64
\LT@lastfoot=\box65
\LT@gbox=\box66
\LT@cols=\count470
\LT@rows=\count471
\c@LT@tables=\count472
\c@LT@chunks=\count473
\LT@p@ftn=\toks42
)
Class scrartcl Info: longtable captions redefined on input line 47.
\glsdescwidth=\skip100
\glspagelistwidth=\skip101
) (c:/texlive/2025/texmf-dist/tex/latex/glossaries/styles/glossary-super.sty
Package: glossary-super 2025/05/14 v4.7 (NLCT)
 (c:/texlive/2025/texmf-dist/tex/latex/supertabular/supertabular.sty
Package: supertabular 2024/07/20 v4.2c the supertabular environment
\c@tracingst=\count474
\ST@wd=\dimen181
\ST@rightskip=\skip102
\ST@leftskip=\skip103
\ST@parfillskip=\skip104
\ST@pageleft=\dimen182
\ST@headht=\dimen183
\ST@tailht=\dimen184
\ST@pagesofar=\dimen185
\ST@pboxht=\dimen186
\ST@rowht=\dimen187
\ST@prevht=\dimen188
\ST@toadd=\dimen189
\ST@dimen=\dimen190
\ST@pbox=\box67
)) (c:/texlive/2025/texmf-dist/tex/latex/glossaries/styles/glossary-tree.sty
Package: glossary-tree 2025/05/14 v4.7 (NLCT)
\l__glossaries_tree_max_known_level_int=\count475
\l__glossaries_tree_offset_dim=\dimen191
\l__glossaries_tree_namewidth_dim=\dimen192
\l__glossaries_tree_symbolwidth_dim=\dimen193
\l__glossaries_tree_prenamesym_width_dim=\dimen194
\l__glossaries_tree_presubnamesym_width_dim=\dimen195
\l__glossaries_tree_namewidth_padding_dim=\dimen196
\l__glossaries_tree_symbolwidth_padding_dim=\dimen197
\l__glossaries_tree_namesymbolwidth_dim=\dimen198
\l__glossaries_tree_namesymbolwidth_padding_dim=\dimen199
\l__glossaries_tree_level_int=\count476
\glstreeindent=\skip105
))
\glswrite=\write4
\glo@main@file=\write5
\openout5 = `main.glo'.

Package glossaries Info: Writing glossary file main.glo on input line 181.
\glo@acronym@file=\write6
\openout6 = `main.acn'.

Package glossaries Info: Writing glossary file main.acn on input line 181.
) (c:/texlive/2025/texmf-dist/tex/latex/hyperref/hyperref.sty
Package: hyperref 2025-05-20 v7.01m Hypertext links for LaTeX
 (c:/texlive/2025/texmf-dist/tex/generic/kvdefinekeys/kvdefinekeys.sty
Package: kvdefinekeys 2019-12-19 v1.6 Define keys (HO)
) (c:/texlive/2025/texmf-dist/tex/generic/pdfescape/pdfescape.sty
Package: pdfescape 2019/12/09 v1.15 Implements pdfTeX's escape features (HO)
) (c:/texlive/2025/texmf-dist/tex/latex/hycolor/hycolor.sty
Package: hycolor 2020-01-27 v1.10 Color options for hyperref/bookmark (HO)
) (c:/texlive/2025/texmf-dist/tex/latex/hyperref/nameref.sty
Package: nameref 2023-11-26 v2.56 Cross-referencing by name of section
 (c:/texlive/2025/texmf-dist/tex/latex/refcount/refcount.sty
Package: refcount 2019/12/15 v3.6 Data extraction from label references (HO)
) (c:/texlive/2025/texmf-dist/tex/generic/gettitlestring/gettitlestring.sty
Package: gettitlestring 2019/12/15 v1.6 Cleanup title references (HO)
)
\c@section@level=\count477
) (c:/texlive/2025/texmf-dist/tex/generic/stringenc/stringenc.sty
Package: stringenc 2019/11/29 v1.12 Convert strings between diff. encodings (HO)
)
\@linkdim=\dimen256
\Hy@linkcounter=\count478
\Hy@pagecounter=\count479
 (c:/texlive/2025/texmf-dist/tex/latex/hyperref/pd1enc.def
File: pd1enc.def 2025-05-20 v7.01m Hyperref: PDFDocEncoding definition (HO)
Now handling font encoding PD1 ...
... no UTF-8 mapping file for font encoding PD1
) (c:/texlive/2025/texmf-dist/tex/generic/intcalc/intcalc.sty
Package: intcalc 2019/12/15 v1.3 Expandable calculations with integers (HO)
)
\Hy@SavedSpaceFactor=\count480
 (c:/texlive/2025/texmf-dist/tex/latex/hyperref/puenc.def
File: puenc.def 2025-05-20 v7.01m Hyperref: PDF Unicode definition (HO)
Now handling font encoding PU ...
... no UTF-8 mapping file for font encoding PU
)
Package hyperref Info: Hyper figures OFF on input line 4157.
Package hyperref Info: Link nesting OFF on input line 4162.
Package hyperref Info: Hyper index ON on input line 4165.
Package hyperref Info: Plain pages OFF on input line 4172.
Package hyperref Info: Backreferencing OFF on input line 4177.
Package hyperref Info: Implicit mode ON; LaTeX internals redefined.
Package hyperref Info: Bookmarks ON on input line 4424.
\c@Hy@tempcnt=\count481
LaTeX Info: Redefining \url on input line 4763.
\XeTeXLinkMargin=\dimen257
 (c:/texlive/2025/texmf-dist/tex/generic/bitset/bitset.sty
Package: bitset 2019/12/09 v1.3 Handle bit-vector datatype (HO)
 (c:/texlive/2025/texmf-dist/tex/generic/bigintcalc/bigintcalc.sty
Package: bigintcalc 2019/12/15 v1.5 Expandable calculations on big integers (HO)
))
\Fld@menulength=\count482
\Field@Width=\dimen258
\Fld@charsize=\dimen259
Package hyperref Info: Hyper figures OFF on input line 6042.
Package hyperref Info: Link nesting OFF on input line 6047.
Package hyperref Info: Hyper index ON on input line 6050.
Package hyperref Info: backreferencing OFF on input line 6057.
Package hyperref Info: Link coloring OFF on input line 6062.
Package hyperref Info: Link coloring with OCG OFF on input line 6067.
Package hyperref Info: PDF/A mode OFF on input line 6072.
 (c:/texlive/2025/texmf-dist/tex/latex/base/atbegshi-ltx.sty
Package: atbegshi-ltx 2021/01/10 v1.0c Emulation of the original atbegshi
package with kernel methods
)
\Hy@abspage=\count483
\c@Item=\count484
\c@Hfootnote=\count485
)
Package hyperref Info: Driver (autodetected): hpdftex.
 (c:/texlive/2025/texmf-dist/tex/latex/hyperref/hpdftex.def
File: hpdftex.def 2025-05-20 v7.01m Hyperref driver for pdfTeX
\Fld@listcount=\count486
\c@bookmark@seq@number=\count487
 (c:/texlive/2025/texmf-dist/tex/latex/rerunfilecheck/rerunfilecheck.sty
Package: rerunfilecheck 2022-07-10 v1.10 Rerun checks for auxiliary files (HO)
 (c:/texlive/2025/texmf-dist/tex/latex/base/atveryend-ltx.sty
Package: atveryend-ltx 2020/08/19 v1.0a Emulation of the original atveryend package
with kernel methods
) (c:/texlive/2025/texmf-dist/tex/generic/uniquecounter/uniquecounter.sty
Package: uniquecounter 2019/12/15 v1.4 Provide unlimited unique counter (HO)
)
Package uniquecounter Info: New unique counter `rerunfilecheck' on input line 285.
)
\Hy@SectionHShift=\skip106
)
Package csquotes Info: Checking for multilingual support...
Package csquotes Info: ... found 'babel' package.
Class scrartcl Info: loading recommended package `bookmark'.
(scrartcl)           Using `bookmark' together with `hyperref' is recommended,
(scrartcl)           because of handling of possible bookmark level gaps.
(scrartcl)           You can avoid loading `bookmark' with KOMA-Script option
(scrartcl)           `bookmarkpackage=false' before \begin{document} and
(scrartcl)           you can avoid this message adding:
(scrartcl)             \usepackage{bookmark}
(scrartcl)           before \begin{document} on input line 2.
 (c:/texlive/2025/texmf-dist/tex/latex/bookmark/bookmark.sty
Package: bookmark 2023-12-10 v1.31 PDF bookmarks (HO)
 (c:/texlive/2025/texmf-dist/tex/latex/bookmark/bkm-pdftex.def
File: bkm-pdftex.def 2023-12-10 v1.31 bookmark driver for pdfTeX and luaTeX (HO)
\BKM@id=\count488
))
LaTeX Font Info:    Trying to load font information for T1+ptm on input line 2.
 (c:/texlive/2025/texmf-dist/tex/latex/psnfss/t1ptm.fd
File: t1ptm.fd 2001/06/04 font definitions for T1/ptm.
) (./main.aux
Package babel Info: 'ngerman' activates 'ngerman' shorthands.
(babel)             Reported  on input line 18.
)
\openout1 = `main.aux'.

LaTeX Font Info:    Checking defaults for OML/cmm/m/it on input line 2.
LaTeX Font Info:    ... okay on input line 2.
LaTeX Font Info:    Checking defaults for OMS/cmsy/m/n on input line 2.
LaTeX Font Info:    ... okay on input line 2.
LaTeX Font Info:    Checking defaults for OT1/cmr/m/n on input line 2.
LaTeX Font Info:    ... okay on input line 2.
LaTeX Font Info:    Checking defaults for T1/cmr/m/n on input line 2.
LaTeX Font Info:    ... okay on input line 2.
LaTeX Font Info:    Checking defaults for TS1/cmr/m/n on input line 2.
LaTeX Font Info:    ... okay on input line 2.
LaTeX Font Info:    Checking defaults for OMX/cmex/m/n on input line 2.
LaTeX Font Info:    ... okay on input line 2.
LaTeX Font Info:    Checking defaults for U/cmr/m/n on input line 2.
LaTeX Font Info:    ... okay on input line 2.
LaTeX Font Info:    Checking defaults for PD1/pdf/m/n on input line 2.
LaTeX Font Info:    ... okay on input line 2.
LaTeX Font Info:    Checking defaults for PU/pdf/m/n on input line 2.
LaTeX Font Info:    ... okay on input line 2.

*geometry* driver: auto-detecting
*geometry* detected driver: pdftex
*geometry* verbose mode - [ preamble ] result:
* driver: pdftex
* paper: a4paper
* layout: <same size as paper>
* layoutoffset:(h,v)=(0.0pt,0.0pt)
* modes: 
* h-part:(L,W,R)=(85.35826pt, 426.79135pt, 85.35826pt)
* v-part:(T,H,B)=(71.13188pt, 702.78308pt, 71.13188pt)
* \paperwidth=597.50787pt
* \paperheight=845.04684pt
* \textwidth=426.79135pt
* \textheight=702.78308pt
* \oddsidemargin=13.08827pt
* \evensidemargin=13.08827pt
* \topmargin=-41.0131pt
* \headheight=18.125pt
* \headsep=21.75pt
* \topskip=12.0pt
* \footskip=50.75pt
* \marginparwidth=49.79233pt
* \marginparsep=12.8401pt
* \columnsep=10.0pt
* \skip\footins=10.8pt plus 4.0pt minus 2.0pt
* \hoffset=0.0pt
* \voffset=0.0pt
* \mag=1000
* \@twocolumnfalse
* \@twosidefalse
* \@mparswitchfalse
* \@reversemarginfalse
* (1in=72.27pt=25.4mm, 1cm=28.453pt)

Package biblatex Info: Trying to load language 'ngerman'...
Package biblatex Info: ... file 'ngerman.lbx' found.
(c:/texlive/2025/texmf-dist/tex/latex/biblatex/lbx/ngerman.lbx
File: ngerman.lbx 2024/03/21 v3.20 biblatex localization (PK/MW)
Package biblatex Info: Trying to load language 'german'...
Package biblatex Info: ... file 'german.lbx' found.
 (c:/texlive/2025/texmf-dist/tex/latex/biblatex/lbx/german.lbx
File: german.lbx 2024/03/21 v3.20 biblatex localization (PK/MW)
)
Package biblatex Info: Trying to load language 'german'...
Package biblatex Info: ... file 'german.lbx' found.
 (c:/texlive/2025/texmf-dist/tex/latex/biblatex/lbx/german.lbx
File: german.lbx 2024/03/21 v3.20 biblatex localization (PK/MW)
))
Package biblatex Info: Input encoding 'utf8' detected.
Package biblatex Info: Automatic encoding selection.
(biblatex)             Assuming data encoding 'utf8'.
\openout3 = `main.bcf'.

Package biblatex Info: Trying to load bibliographic data...
Package biblatex Info: ... file 'main.bbl' found.
 (./main.bbl

Package biblatex Warning: Biber reported the following issues
(biblatex)                with 'BMAS-21.07.2020':
(biblatex)                - Overwriting field 'year' with year value from field 'date' for entry 'BMAS-21.07.2020'.


Package biblatex Warning: Biber reported the following issues
(biblatex)                with 'Bundestag.31.08.2020':
(biblatex)                - Overwriting field 'year' with year value from field 'date' for entry 'Bundestag.31.08.2020'.


Package biblatex Warning: Biber reported the following issues
(biblatex)                with 'gpje.satzung':
(biblatex)                - Overwriting field 'year' with year value from field 'date' for entry 'gpje.satzung'.

)
Package biblatex Info: Reference section=0 on input line 2.
Package biblatex Info: Reference segment=0 on input line 2.
 (c:/texlive/2025/texmf-dist/tex/context/base/mkii/supp-pdf.mkii
[Loading MPS to PDF converter (version 2006.09.02).]
\scratchcounter=\count489
\scratchdimen=\dimen260
\scratchbox=\box68
\nofMPsegments=\count490
\nofMParguments=\count491
\everyMPshowfont=\toks43
\MPscratchCnt=\count492
\MPscratchDim=\dimen261
\MPnumerator=\count493
\makeMPintoPDFobject=\count494
\everyMPtoPDFconversion=\toks44
) (c:/texlive/2025/texmf-dist/tex/latex/epstopdf-pkg/epstopdf-base.sty
Package: epstopdf-base 2020-01-24 v2.11 Base part for package epstopdf
Package epstopdf-base Info: Redefining graphics rule for `.eps' on input line 485.
 (c:/texlive/2025/texmf-dist/tex/latex/latexconfig/epstopdf-sys.cfg
File: epstopdf-sys.cfg 2010/07/13 v1.3 Configuration of (r)epstopdf for TeX Live
)) (c:/texlive/2025/texmf-dist/tex/latex/pdflscape/pdflscape.sty
Package: pdflscape 2022-10-27 v0.13 Display of landscape pages in PDF
 (c:/texlive/2025/texmf-dist/tex/latex/pdflscape/pdflscape-nometadata.sty
Package: pdflscape-nometadata 2022-10-28 v0.13 Display of landscape pages in PDF (HO)
 (c:/texlive/2025/texmf-dist/tex/latex/graphics/lscape.sty
Package: lscape 2020/05/28 v3.02 Landscape Pages (DPC)
)
Package pdflscape Info: Auto-detected driver: pdftex on input line 81.
))
Package hyperref Info: Link coloring OFF on input line 2.
 (./titlepage.tex) (./roman.tex
<UniBremen_Logo_Rot-Schwarz_Web_NICHT_VERAENDERN.png, id=4, 554.7927pt x 199.2243pt>
File: UniBremen_Logo_Rot-Schwarz_Web_NICHT_VERAENDERN.png Graphic file (type png)
<use UniBremen_Logo_Rot-Schwarz_Web_NICHT_VERAENDERN.png>
Package pdftex.def Info: UniBremen_Logo_Rot-Schwarz_Web_NICHT_VERAENDERN.png  used on input line 2.
(pdftex.def)             Requested size: 213.39568pt x 76.63014pt.
LaTeX Font Info:    Trying to load font information for T1+phv on input line 2.
 (c:/texlive/2025/texmf-dist/tex/latex/psnfss/t1phv.fd
File: t1phv.fd 2020/03/25 scalable font definitions for T1/phv.
)
LaTeX Font Info:    Trying to load font information for OT1+lmr on input line 2.
 (c:/texlive/2025/texmf-dist/tex/latex/lm/ot1lmr.fd
File: ot1lmr.fd 2015/05/01 v1.6.1 Font defs for Latin Modern
)
LaTeX Font Info:    Trying to load font information for OML+lmm on input line 2.
 (c:/texlive/2025/texmf-dist/tex/latex/lm/omllmm.fd
File: omllmm.fd 2015/05/01 v1.6.1 Font defs for Latin Modern
)
LaTeX Font Info:    Trying to load font information for OMS+lmsy on input line 2.
 (c:/texlive/2025/texmf-dist/tex/latex/lm/omslmsy.fd
File: omslmsy.fd 2015/05/01 v1.6.1 Font defs for Latin Modern
)
LaTeX Font Info:    Trying to load font information for OMX+lmex on input line 2.
 (c:/texlive/2025/texmf-dist/tex/latex/lm/omxlmex.fd
File: omxlmex.fd 2015/05/01 v1.6.1 Font defs for Latin Modern
)
LaTeX Font Info:    External font `lmex10' loaded for size
(Font)              <17.28> on input line 2.
LaTeX Font Info:    External font `lmex10' loaded for size
(Font)              <12> on input line 2.
LaTeX Font Info:    External font `lmex10' loaded for size
(Font)              <10> on input line 2.
LaTeX Font Info:    External font `lmex10' loaded for size
(Font)              <8> on input line 2.
LaTeX Font Info:    External font `lmex10' loaded for size
(Font)              <6> on input line 2.
<zap_Logo_Website.001.png, id=6, 601.24625pt x 238.8925pt>
File: zap_Logo_Website.001.png Graphic file (type png)
<use zap_Logo_Website.001.png>
Package pdftex.def Info: zap_Logo_Website.001.png  used on input line 2.
(pdftex.def)             Requested size: 85.35696pt x 33.9113pt.


[1

\openout4 = `main.xdy'.

{c:/texlive/2025/texmf-var/fonts/map/pdftex/updmap/pdftex.map}{c:/texlive/2025/texmf-dist/fonts/enc/dvips/base/8r.enc}{c:/texlive/2025/texmf-dist/fonts/enc/dvips/lm/lm-mathsy.enc}{c:/texlive/2025/texmf-dist/fonts/enc/dvips/lm/lm-rm.enc} <./UniBremen_Logo_Rot-Schwarz_Web_NICHT_VERAENDERN.png> <./zap_Logo_Website.001.png>]

[1

] (./main.toc

[2

]
Overfull \hbox (0.357pt too wide) in paragraph at lines 41--41
 [][] [][]\T1/ptm/m/n/12 Demokratie A - ^^R  Fö-de-ra-lis-mus und Ar-beits-schutz ^^U Wel-che Chan- 
 []

LaTeX Font Info:    Trying to load font information for TS1+ptm on input line 57.
(c:/texlive/2025/texmf-dist/tex/latex/psnfss/ts1ptm.fd
File: ts1ptm.fd 2001/06/04 font definitions for TS1/ptm.
))
\tf@toc=\write7
\openout7 = `main.toc'.



[3] (./main.acr
LaTeX Font Info:    Trying to load font information for TS1+phv on input line 28.
 (c:/texlive/2025/texmf-dist/tex/latex/psnfss/ts1phv.fd
File: ts1phv.fd 2020/03/25 scalable font definitions for TS1/phv.
)

[4

]) (./main.lof)
\tf@lof=\write8
\openout8 = `main.lof'.



[5])


pdfTeX warning (ext4): destination with the same identifier (name{page.1}) has been already used, duplicate ignored
<to be read again> 
                   \relax 
l.27 
      [1

]
LaTeX Font Info:    External font `lmex10' loaded for size
(Font)              <7> on input line 44.
LaTeX Font Info:    External font `lmex10' loaded for size
(Font)              <5> on input line 44.


[2]

[3]

[4]

[5]
LaTeX Font Info:    Trying to load font information for T1+pcr on input line 127.
 (c:/texlive/2025/texmf-dist/tex/latex/psnfss/t1pcr.fd
File: t1pcr.fd 2001/06/04 font definitions for T1/pcr.
)

[6]
Underfull \hbox (badness 10000) in paragraph at lines 131--131
  [][][][]$\T1/pcr/m/n/10 https : / / gpje . de / wp-[]content / uploads / 2024 / 07 / Bildungsstandards-[]1 . pdf$[]
 []



[7]

[8]

[9]
<gpje 2004 Kompetenzmodell S. 13.png, id=295, 838.332pt x 573.342pt>
File: gpje 2004 Kompetenzmodell S. 13.png Graphic file (type png)
<use gpje 2004 Kompetenzmodell S. 13.png>
Package pdftex.def Info: gpje 2004 Kompetenzmodell S. 13.png  used on input line 185.
(pdftex.def)             Requested size: 426.79135pt x 291.88438pt.

Overfull \hbox (4.77652pt too wide) in paragraph at lines 190--192
\T1/ptm/m/n/12 so-zi-al-wis-sen-schaft-lich ge-präg-te/n Ver-tre-ter[*innen] der Fach-di-dak-tik Gün-ter C. Behr-mann,
 []



[10 <./gpje 2004 Kompetenzmodell S. 13.png>]
<WeiÃŸeno et al. 2010 p.12.png, id=310, 1709.63719pt x 1020.06094pt>
File: WeiÃŸeno et al. 2010 p.12.png Graphic file (type png)
<use WeiÃŸeno et al. 2010 p.12.png>
Package pdftex.def Info: WeiÃŸeno et al. 2010 p.12.png  used on input line 205.
(pdftex.def)             Requested size: 426.79135pt x 254.64105pt.


[11]
<Autorengruppe p. 170 nach GloeOeftering p. 109.png, id=324, 594.42075pt x 593.8185pt>
File: Autorengruppe p. 170 nach GloeOeftering p. 109.png Graphic file (type png)
<use Autorengruppe p. 170 nach GloeOeftering p. 109.png>
Package pdftex.def Info: Autorengruppe p. 170 nach GloeOeftering p. 109.png  used on input line 215.
(pdftex.def)             Requested size: 426.79135pt x 426.36201pt.
Class scrartcl Info: Workaround for not recommended usage of \\ or
(scrartcl)           \newlinein caption text  on input line 216.
<Detjen et al. 2012 p. 15.png, id=331, 1410.77063pt x 971.88094pt>
File: Detjen et al. 2012 p. 15.png Graphic file (type png)
<use Detjen et al. 2012 p. 15.png>
Package pdftex.def Info: Detjen et al. 2012 p. 15.png  used on input line 224.
(pdftex.def)             Requested size: 426.79135pt x 294.01343pt.


[12 <./WeiÃŸeno et al. 2010 p.12.png>]

[13 <./Autorengruppe p. 170 nach GloeOeftering p. 109.png>]

[14 <./Detjen et al. 2012 p. 15.png>]
Overfull \hbox (9.4135pt too wide) in paragraph at lines 270--271
\T1/ptm/m/n/12 VIELLEICHT MAL EI-NE BRÜCKE ZU DEM EMOTIONS-BUMS SCHLA-GEN? PASST
 []



[15]
Overfull \hbox (2.71378pt too wide) in paragraph at lines 282--286
[]\T1/ptm/m/n/12 Autorengruppe Fach-di-dak-tik: Wolf-gang San-der, Si-byl-le Rein-hardt, An-dre-as Pe-trik, Dirk
 []



[16]

[17]

[18]

[19]

[20]

[21]

[22]

[23]

[24]
Overfull \hbox (3.63809pt too wide) in paragraph at lines 549--550
[]\T1/ptm/m/n/12 Handhabbarkeit, An-wend-bar-keit, prak-ti-sches, prag-ma-tisch. Hand-werk-li-che Be-trach-
 []



[25]

[26]
Overfull \hbox (18.67162pt too wide) in paragraph at lines 577--579
\T1/ptm/m/n/12 den muss. (Wo-mög-lich ist hier such et-was in Rich-tung Klarnamen-Registrierungszwang
 []



[27]
Underfull \hbox (badness 10000) in paragraph at lines 612--615

 []



[28]

[29]

[30]
Overfull \hbox (10.35423pt too wide) in paragraph at lines 727--728
[]\T1/ptm/m/n/12 Erklären: ^^R  Sach-ver-hal-te durch Wis-sen und Ein-sich-ten in einen Zu-sam-men-hang (Theo-
 []



[31]

[32]

[33]

[34]
Underfull \hbox (badness 10000) in paragraph at lines 892--892
  [][][][]$\T1/pcr/m/n/10 https : / / www . arbeitnehmerkammer . de / fileadmin / user _ upload /
 []


Underfull \hbox (badness 10000) in paragraph at lines 892--892
 \T1/pcr/m/n/10 Veranstaltungen / Veranstaltungsdokumentation / Downloads / Demokratische _
 []



[35]
Underfull \hbox (badness 10000) in paragraph at lines 939--939
 [][]$\T1/pcr/m/n/10 https : / / youtu . be / E9UgBzmU30E ? si = 3UG7mIwTNfkn2C0H & t = 1414$[] \T1/ptm/m/n/10 (Zu-griff am
 []



[36]

[37]

[38]

[39]
Overfull \hbox (4.02132pt too wide) in paragraph at lines 983--983
[][]\T1/ptm/m/n/12 Arbeitnehmerkammer Bre-men (2021). \T1/ptm/m/it/12 Bei-trags-ord-nung der Ar-beit-neh-mer-kam-mer im Lan-
 []


Overfull \hbox (3.22908pt too wide) in paragraph at lines 983--983
\T1/ptm/m/n/12 theo-ry. Engle-wood Cliffs, New Jer-sey: Prentice-Hall. \T1/ptm/m/sc/12 isbn\T1/ptm/m/n/12 : 0138167516. \T1/ptm/m/sc/12 url\T1/ptm/m/n/12 : []$\T1/pcr/m/n/12 https :
 []


Overfull \hbox (1.36569pt too wide) in paragraph at lines 983--983
[][]\T1/ptm/m/n/12 Block, Thors-ten/Frobö-se, Clau-dia/Scharf, An-dré/Wit-te, Thors-ten (2023). \T1/ptm/m/it/12 Po-li-tik Bil-dungs-
 []


Overfull \hbox (14.75348pt too wide) in paragraph at lines 983--983
\T1/ptm/m/sc/12 url\T1/ptm/m/n/12 : []$\T1/pcr/m/n/12 https : / / www . lis . bremen . de / schulqualitaet / bildungsplaene /
 []


Overfull \hbox (4.31369pt too wide) in paragraph at lines 983--983
\T1/ptm/m/n/12 dert, Ÿ 72a neu ge-fasst durch Ar-ti-kel 4 des Ge-set-zes vom 14. De-zem-ber 2021 (Brem.GBl.
 []


Overfull \hbox (12.91122pt too wide) in paragraph at lines 983--983
\T1/ptm/m/n/12 S. 913, 917). Brem.GBl. 2005, S. 260, 388, 398. \T1/ptm/m/sc/12 url\T1/ptm/m/n/12 : []$\T1/pcr/m/n/12 https : / / www . transparenz .
 []


Overfull \hbox (32.85829pt too wide) in paragraph at lines 983--983
\T1/pcr/m/n/12 bremen . de / metainformationen / bremisches -[] schulgesetz -[] bremschulg -[]
 []


Overfull \hbox (31.35829pt too wide) in paragraph at lines 983--983
\T1/pcr/m/n/12 bgbl / start . xav ? start = %2F % 2F % 2A % 5B % 40attr _ id % 3D % 27bgbl120s3334 .
 []


Overfull \hbox (21.71388pt too wide) in paragraph at lines 983--983
\T1/pcr/m/n/12 pdf % 27 % 5D # /switch / tocPane ? _ts = 1750343088377$[] \T1/ptm/m/n/12 (be-sucht am 18. 06. 2025). 
 []



[40

]

[41]
Overfull \hbox (6.29587pt too wide) in paragraph at lines 983--983
\T1/ptm/m/n/12 sen-schaft. Schwal-bach am Tau-nus: Wo-chen-schau Ver-lag. 1189 S. \T1/ptm/m/sc/12 isbn\T1/ptm/m/n/12 : 9783734404207.
 []


Overfull \hbox (9.05348pt too wide) in paragraph at lines 983--983
\T1/ptm/m/sc/12 url\T1/ptm/m/n/12 : []$\T1/pcr/m/n/12 https : / / www . wochenschau -[] verlag . de / Kritische -[] politische -[]
 []


Overfull \hbox (4.0583pt too wide) in paragraph at lines 983--983
\T1/pcr/m/n/12 Bildung -[] Standpunkte -[] und -[] Perspektiven / 40420 % 20ODER % 20https :
 []


Overfull \hbox (3.56061pt too wide) in paragraph at lines 983--983
\T1/ptm/m/it/12 Bil-dung\T1/ptm/m/n/12 . Hrsg. von For-schungs-in-sti-tut für ge-sell-schaft-li-che Wei-ter-ent-wick-lung e.V. Düs-
 []



[42]
Overfull \hbox (5.61816pt too wide) in paragraph at lines 983--983
\T1/ptm/m/n/12 nen^^P. In: \T1/ptm/m/it/12 Po-li-ti-sche Theo-rie und Emo-tio-nen\T1/ptm/m/n/12 . Hrsg. von Fe-lix Hei-den-reich/Ga-ry S. Schaal.
 []


Overfull \hbox (2.78668pt too wide) in paragraph at lines 983--983
\T1/ptm/m/it/12 itur-prü-fung So-zi-al-kun-de/Politik. Be-schluss der Kul-tus-mi-nis-ter-kon-fe-renz vom 01.12.1989
 []



[43]
Overfull \hbox (19.48712pt too wide) in paragraph at lines 983--983
[][]\T1/ptm/m/n/12 Massing, Pe-ter (2022). ^^R  Kom-pe-tenz-mo-del-le in der Po-li-tik-di-dak-tik^^P. In: \T1/ptm/m/it/12 Hand-buch Geschichts-
 []



[44]
Overfull \hbox (9.04364pt too wide) in paragraph at lines 983--983
[][]\T1/ptm/m/n/12 Sander, Wolf-gang/Rein-hardt, Si-byl-le/Pe-trik, An-dre-as/Lan-ge, Dirk/Hen-ken-borg, Pe-ter/Hedt-
 []


Overfull \hbox (0.48344pt too wide) in paragraph at lines 983--983
\T1/ptm/m/n/12 grup-pe Fach-di-dak-tik. Schwal-bach am Tau-nus: Wo-chen-schau Ver-lag. \T1/ptm/m/sc/12 isbn\T1/ptm/m/n/12 : 978-3-7344-
 []


Overfull \hbox (5.0583pt too wide) in paragraph at lines 983--983
\T1/pcr/m/n/12 steckt -[] hinter -[] dem -[] viralen -[] clip -[] 5WPMZ52XHRCJVA73IMOF7LRQ2E .
 []


Overfull \hbox (43.97778pt too wide) in paragraph at lines 983--983
\T1/ptm/m/it/12 Bre-men\T1/ptm/m/n/12 . Arb-nkG. Ver-si-on 16. Au-gust 2022. \T1/ptm/m/sc/12 url\T1/ptm/m/n/12 : []$\T1/pcr/m/n/12 https : / / www . arbeitnehmerkammer .
 []



[45]
Overfull \hbox (15.51389pt too wide) in paragraph at lines 983--983
\T1/pcr/m/n/12 schriftenreihe / 35835 / konzepte -[] der -[] politik/$[] \T1/ptm/m/n/12 (be-sucht am 02. 06. 2025). 
 []


Package hyperref Warning: Token not allowed in a PDF string (Unicode):
(hyperref)                removing `\acrfull' on input line 989.


Underfull \hbox (badness 4779) in paragraph at lines 992--992
  [][][]\T1/ptm/m/n/10 Diese Li-zenz ist für Soft-wa-re ver-brei-tet. []vgl. []z.B. []$\T1/pcr/m/n/10 https : / / www . gnu . org / licenses /
 []



[46] (./appendix.tex
<AKB-24-032_Prototyp_2024-02-26.pdf, id=762, 1927.2pt x 1084.05pt>
File: AKB-24-032_Prototyp_2024-02-26.pdf Graphic file (type pdf)
<use AKB-24-032_Prototyp_2024-02-26.pdf>
Package pdftex.def Info: AKB-24-032_Prototyp_2024-02-26.pdf  used on input line 21.
(pdftex.def)             Requested size: 1927.19533pt x 1084.04736pt.
<AKB-24-032_Prototyp_2024-02-26.pdf, id=764, page=1, 1927.2pt x 1084.05pt>
File: AKB-24-032_Prototyp_2024-02-26.pdf Graphic file (type pdf)
<use AKB-24-032_Prototyp_2024-02-26.pdf, page 1>
Package pdftex.def Info: AKB-24-032_Prototyp_2024-02-26.pdf , page1 used on input line 21.
(pdftex.def)             Requested size: 1927.19533pt x 1084.04736pt.
File: AKB-24-032_Prototyp_2024-02-26.pdf Graphic file (type pdf)
<use AKB-24-032_Prototyp_2024-02-26.pdf, page 1>
Package pdftex.def Info: AKB-24-032_Prototyp_2024-02-26.pdf , page1 used on input line 21.
(pdftex.def)             Requested size: 845.1182pt x 475.37898pt.


[47]
File: AKB-24-032_Prototyp_2024-02-26.pdf Graphic file (type pdf)
<use AKB-24-032_Prototyp_2024-02-26.pdf, page 1>
Package pdftex.def Info: AKB-24-032_Prototyp_2024-02-26.pdf , page1 used on input line 21.
(pdftex.def)             Requested size: 845.1182pt x 475.37898pt.
File: AKB-24-032_Prototyp_2024-02-26.pdf Graphic file (type pdf)
<use AKB-24-032_Prototyp_2024-02-26.pdf, page 1>
Package pdftex.def Info: AKB-24-032_Prototyp_2024-02-26.pdf , page1 used on input line 21.
(pdftex.def)             Requested size: 845.1182pt x 475.37898pt.


File: AKB-24-032_Prototyp_2024-02-26.pdf Graphic file (type pdf)
<use AKB-24-032_Prototyp_2024-02-26.pdf, page 1>
Package pdftex.def Info: AKB-24-032_Prototyp_2024-02-26.pdf , page1 used on input line 21.
(pdftex.def)             Requested size: 845.1182pt x 475.37898pt.
[48

 <./AKB-24-032_Prototyp_2024-02-26.pdf>]
<DEMOKRATIE.pdf, id=874, 597.23125pt x 845.1575pt>
File: DEMOKRATIE.pdf Graphic file (type pdf)
<use DEMOKRATIE.pdf>
Package pdftex.def Info: DEMOKRATIE.pdf  used on input line 34.
(pdftex.def)             Requested size: 597.22978pt x 845.15544pt.
<DEMOKRATIE.pdf, id=876, page=1, 597.23125pt x 845.1575pt>
File: DEMOKRATIE.pdf Graphic file (type pdf)
<use DEMOKRATIE.pdf, page 1>
Package pdftex.def Info: DEMOKRATIE.pdf , page1 used on input line 34.
(pdftex.def)             Requested size: 597.22978pt x 845.15544pt.
File: DEMOKRATIE.pdf Graphic file (type pdf)
<use DEMOKRATIE.pdf, page 1>
Package pdftex.def Info: DEMOKRATIE.pdf , page1 used on input line 34.
(pdftex.def)             Requested size: 422.30568pt x 597.61578pt.
File: DEMOKRATIE.pdf Graphic file (type pdf)
<use DEMOKRATIE.pdf, page 1>
Package pdftex.def Info: DEMOKRATIE.pdf , page1 used on input line 34.
(pdftex.def)             Requested size: 422.30568pt x 597.61578pt.
File: DEMOKRATIE.pdf Graphic file (type pdf)
<use DEMOKRATIE.pdf, page 1>
Package pdftex.def Info: DEMOKRATIE.pdf , page1 used on input line 34.
(pdftex.def)             Requested size: 422.30568pt x 597.61578pt.
<DEMOKRATIE.pdf, id=877, page=2, 597.23125pt x 845.1575pt>
File: DEMOKRATIE.pdf Graphic file (type pdf)
<use DEMOKRATIE.pdf, page 2>
Package pdftex.def Info: DEMOKRATIE.pdf , page2 used on input line 34.
(pdftex.def)             Requested size: 422.30568pt x 597.61578pt.
File: DEMOKRATIE.pdf Graphic file (type pdf)
<use DEMOKRATIE.pdf, page 2>
Package pdftex.def Info: DEMOKRATIE.pdf , page2 used on input line 34.
(pdftex.def)             Requested size: 422.30568pt x 597.61578pt.


File: DEMOKRATIE.pdf Graphic file (type pdf)
<use DEMOKRATIE.pdf, page 1>
Package pdftex.def Info: DEMOKRATIE.pdf , page1 used on input line 34.
(pdftex.def)             Requested size: 422.30568pt x 597.61578pt.
File: DEMOKRATIE.pdf Graphic file (type pdf)
<use DEMOKRATIE.pdf, page 2>
Package pdftex.def Info: DEMOKRATIE.pdf , page2 used on input line 34.
(pdftex.def)             Requested size: 422.30568pt x 597.61578pt.
[49

 <./DEMOKRATIE.pdf> <./DEMOKRATIE.pdf>]
<DEMOKRATIE.pdf, id=907, page=3, 597.23125pt x 845.1575pt>
File: DEMOKRATIE.pdf Graphic file (type pdf)
<use DEMOKRATIE.pdf, page 3>
Package pdftex.def Info: DEMOKRATIE.pdf , page3 used on input line 34.
(pdftex.def)             Requested size: 422.30568pt x 597.61578pt.
File: DEMOKRATIE.pdf Graphic file (type pdf)
<use DEMOKRATIE.pdf, page 3>
Package pdftex.def Info: DEMOKRATIE.pdf , page3 used on input line 34.
(pdftex.def)             Requested size: 422.30568pt x 597.61578pt.
<DEMOKRATIE.pdf, id=908, page=4, 597.23125pt x 845.1575pt>
File: DEMOKRATIE.pdf Graphic file (type pdf)
<use DEMOKRATIE.pdf, page 4>
Package pdftex.def Info: DEMOKRATIE.pdf , page4 used on input line 34.
(pdftex.def)             Requested size: 422.30568pt x 597.61578pt.
File: DEMOKRATIE.pdf Graphic file (type pdf)
<use DEMOKRATIE.pdf, page 4>
Package pdftex.def Info: DEMOKRATIE.pdf , page4 used on input line 34.
(pdftex.def)             Requested size: 422.30568pt x 597.61578pt.


File: DEMOKRATIE.pdf Graphic file (type pdf)
<use DEMOKRATIE.pdf, page 3>
Package pdftex.def Info: DEMOKRATIE.pdf , page3 used on input line 34.
(pdftex.def)             Requested size: 422.30568pt x 597.61578pt.
File: DEMOKRATIE.pdf Graphic file (type pdf)
<use DEMOKRATIE.pdf, page 4>
Package pdftex.def Info: DEMOKRATIE.pdf , page4 used on input line 34.
(pdftex.def)             Requested size: 422.30568pt x 597.61578pt.
[50

 <./DEMOKRATIE.pdf> <./DEMOKRATIE.pdf>]
<DEMOKRATIE.pdf, id=917, page=5, 597.23125pt x 845.1575pt>
File: DEMOKRATIE.pdf Graphic file (type pdf)
<use DEMOKRATIE.pdf, page 5>
Package pdftex.def Info: DEMOKRATIE.pdf , page5 used on input line 34.
(pdftex.def)             Requested size: 422.30568pt x 597.61578pt.
File: DEMOKRATIE.pdf Graphic file (type pdf)
<use DEMOKRATIE.pdf, page 5>
Package pdftex.def Info: DEMOKRATIE.pdf , page5 used on input line 34.
(pdftex.def)             Requested size: 422.30568pt x 597.61578pt.
<DEMOKRATIE.pdf, id=918, page=6, 597.23125pt x 845.1575pt>
File: DEMOKRATIE.pdf Graphic file (type pdf)
<use DEMOKRATIE.pdf, page 6>
Package pdftex.def Info: DEMOKRATIE.pdf , page6 used on input line 34.
(pdftex.def)             Requested size: 422.30568pt x 597.61578pt.
File: DEMOKRATIE.pdf Graphic file (type pdf)
<use DEMOKRATIE.pdf, page 6>
Package pdftex.def Info: DEMOKRATIE.pdf , page6 used on input line 34.
(pdftex.def)             Requested size: 422.30568pt x 597.61578pt.


File: DEMOKRATIE.pdf Graphic file (type pdf)
<use DEMOKRATIE.pdf, page 5>
Package pdftex.def Info: DEMOKRATIE.pdf , page5 used on input line 34.
(pdftex.def)             Requested size: 422.30568pt x 597.61578pt.
File: DEMOKRATIE.pdf Graphic file (type pdf)
<use DEMOKRATIE.pdf, page 6>
Package pdftex.def Info: DEMOKRATIE.pdf , page6 used on input line 34.
(pdftex.def)             Requested size: 422.30568pt x 597.61578pt.
[51

 <./DEMOKRATIE.pdf> <./DEMOKRATIE.pdf>]
<DEMOKRATIE.pdf, id=928, page=7, 597.23125pt x 845.1575pt>
File: DEMOKRATIE.pdf Graphic file (type pdf)
<use DEMOKRATIE.pdf, page 7>
Package pdftex.def Info: DEMOKRATIE.pdf , page7 used on input line 34.
(pdftex.def)             Requested size: 422.30568pt x 597.61578pt.
File: DEMOKRATIE.pdf Graphic file (type pdf)
<use DEMOKRATIE.pdf, page 7>
Package pdftex.def Info: DEMOKRATIE.pdf , page7 used on input line 34.
(pdftex.def)             Requested size: 422.30568pt x 597.61578pt.
<DEMOKRATIE.pdf, id=929, page=8, 597.23125pt x 845.1575pt>
File: DEMOKRATIE.pdf Graphic file (type pdf)
<use DEMOKRATIE.pdf, page 8>
Package pdftex.def Info: DEMOKRATIE.pdf , page8 used on input line 34.
(pdftex.def)             Requested size: 422.30568pt x 597.61578pt.
File: DEMOKRATIE.pdf Graphic file (type pdf)
<use DEMOKRATIE.pdf, page 8>
Package pdftex.def Info: DEMOKRATIE.pdf , page8 used on input line 34.
(pdftex.def)             Requested size: 422.30568pt x 597.61578pt.


File: DEMOKRATIE.pdf Graphic file (type pdf)
<use DEMOKRATIE.pdf, page 7>
Package pdftex.def Info: DEMOKRATIE.pdf , page7 used on input line 34.
(pdftex.def)             Requested size: 422.30568pt x 597.61578pt.
File: DEMOKRATIE.pdf Graphic file (type pdf)
<use DEMOKRATIE.pdf, page 8>
Package pdftex.def Info: DEMOKRATIE.pdf , page8 used on input line 34.
(pdftex.def)             Requested size: 422.30568pt x 597.61578pt.
[52

 <./DEMOKRATIE.pdf> <./DEMOKRATIE.pdf>]
<DEMOKRATIE.pdf, id=938, page=9, 597.23125pt x 845.1575pt>
File: DEMOKRATIE.pdf Graphic file (type pdf)
<use DEMOKRATIE.pdf, page 9>
Package pdftex.def Info: DEMOKRATIE.pdf , page9 used on input line 34.
(pdftex.def)             Requested size: 422.30568pt x 597.61578pt.
File: DEMOKRATIE.pdf Graphic file (type pdf)
<use DEMOKRATIE.pdf, page 9>
Package pdftex.def Info: DEMOKRATIE.pdf , page9 used on input line 34.
(pdftex.def)             Requested size: 422.30568pt x 597.61578pt.
<DEMOKRATIE.pdf, id=939, page=10, 597.23125pt x 845.1575pt>
File: DEMOKRATIE.pdf Graphic file (type pdf)
<use DEMOKRATIE.pdf, page 10>
Package pdftex.def Info: DEMOKRATIE.pdf , page10 used on input line 34.
(pdftex.def)             Requested size: 422.30568pt x 597.61578pt.
File: DEMOKRATIE.pdf Graphic file (type pdf)
<use DEMOKRATIE.pdf, page 10>
Package pdftex.def Info: DEMOKRATIE.pdf , page10 used on input line 34.
(pdftex.def)             Requested size: 422.30568pt x 597.61578pt.


File: DEMOKRATIE.pdf Graphic file (type pdf)
<use DEMOKRATIE.pdf, page 9>
Package pdftex.def Info: DEMOKRATIE.pdf , page9 used on input line 34.
(pdftex.def)             Requested size: 422.30568pt x 597.61578pt.
File: DEMOKRATIE.pdf Graphic file (type pdf)
<use DEMOKRATIE.pdf, page 10>
Package pdftex.def Info: DEMOKRATIE.pdf , page10 used on input line 34.
(pdftex.def)             Requested size: 422.30568pt x 597.61578pt.
[53

 <./DEMOKRATIE.pdf> <./DEMOKRATIE.pdf>]
<DEMOKRATIE.pdf, id=948, page=11, 597.23125pt x 845.1575pt>
File: DEMOKRATIE.pdf Graphic file (type pdf)
<use DEMOKRATIE.pdf, page 11>
Package pdftex.def Info: DEMOKRATIE.pdf , page11 used on input line 34.
(pdftex.def)             Requested size: 422.30568pt x 597.61578pt.
File: DEMOKRATIE.pdf Graphic file (type pdf)
<use DEMOKRATIE.pdf, page 11>
Package pdftex.def Info: DEMOKRATIE.pdf , page11 used on input line 34.
(pdftex.def)             Requested size: 422.30568pt x 597.61578pt.
<DEMOKRATIE.pdf, id=949, page=12, 597.23125pt x 845.1575pt>
File: DEMOKRATIE.pdf Graphic file (type pdf)
<use DEMOKRATIE.pdf, page 12>
Package pdftex.def Info: DEMOKRATIE.pdf , page12 used on input line 34.
(pdftex.def)             Requested size: 422.30568pt x 597.61578pt.
File: DEMOKRATIE.pdf Graphic file (type pdf)
<use DEMOKRATIE.pdf, page 12>
Package pdftex.def Info: DEMOKRATIE.pdf , page12 used on input line 34.
(pdftex.def)             Requested size: 422.30568pt x 597.61578pt.


File: DEMOKRATIE.pdf Graphic file (type pdf)
<use DEMOKRATIE.pdf, page 11>
Package pdftex.def Info: DEMOKRATIE.pdf , page11 used on input line 34.
(pdftex.def)             Requested size: 422.30568pt x 597.61578pt.
File: DEMOKRATIE.pdf Graphic file (type pdf)
<use DEMOKRATIE.pdf, page 12>
Package pdftex.def Info: DEMOKRATIE.pdf , page12 used on input line 34.
(pdftex.def)             Requested size: 422.30568pt x 597.61578pt.
[54

 <./DEMOKRATIE.pdf> <./DEMOKRATIE.pdf>]
<DEMOKRATIE.pdf, id=958, page=13, 597.23125pt x 845.1575pt>
File: DEMOKRATIE.pdf Graphic file (type pdf)
<use DEMOKRATIE.pdf, page 13>
Package pdftex.def Info: DEMOKRATIE.pdf , page13 used on input line 34.
(pdftex.def)             Requested size: 422.30568pt x 597.61578pt.
File: DEMOKRATIE.pdf Graphic file (type pdf)
<use DEMOKRATIE.pdf, page 13>
Package pdftex.def Info: DEMOKRATIE.pdf , page13 used on input line 34.
(pdftex.def)             Requested size: 422.30568pt x 597.61578pt.
<DEMOKRATIE.pdf, id=959, page=14, 597.23125pt x 845.1575pt>
File: DEMOKRATIE.pdf Graphic file (type pdf)
<use DEMOKRATIE.pdf, page 14>
Package pdftex.def Info: DEMOKRATIE.pdf , page14 used on input line 34.
(pdftex.def)             Requested size: 422.30568pt x 597.61578pt.
File: DEMOKRATIE.pdf Graphic file (type pdf)
<use DEMOKRATIE.pdf, page 14>
Package pdftex.def Info: DEMOKRATIE.pdf , page14 used on input line 34.
(pdftex.def)             Requested size: 422.30568pt x 597.61578pt.


File: DEMOKRATIE.pdf Graphic file (type pdf)
<use DEMOKRATIE.pdf, page 13>
Package pdftex.def Info: DEMOKRATIE.pdf , page13 used on input line 34.
(pdftex.def)             Requested size: 422.30568pt x 597.61578pt.
File: DEMOKRATIE.pdf Graphic file (type pdf)
<use DEMOKRATIE.pdf, page 14>
Package pdftex.def Info: DEMOKRATIE.pdf , page14 used on input line 34.
(pdftex.def)             Requested size: 422.30568pt x 597.61578pt.
[55

 <./DEMOKRATIE.pdf> <./DEMOKRATIE.pdf>]
<ARBEITSLEBEN.pdf, id=969, 597.23125pt x 845.1575pt>
File: ARBEITSLEBEN.pdf Graphic file (type pdf)
<use ARBEITSLEBEN.pdf>
Package pdftex.def Info: ARBEITSLEBEN.pdf  used on input line 47.
(pdftex.def)             Requested size: 597.22978pt x 845.15544pt.
<ARBEITSLEBEN.pdf, id=971, page=1, 597.23125pt x 845.1575pt>
File: ARBEITSLEBEN.pdf Graphic file (type pdf)
<use ARBEITSLEBEN.pdf, page 1>
Package pdftex.def Info: ARBEITSLEBEN.pdf , page1 used on input line 47.
(pdftex.def)             Requested size: 597.22978pt x 845.15544pt.
File: ARBEITSLEBEN.pdf Graphic file (type pdf)
<use ARBEITSLEBEN.pdf, page 1>
Package pdftex.def Info: ARBEITSLEBEN.pdf , page1 used on input line 47.
(pdftex.def)             Requested size: 422.30568pt x 597.61578pt.
File: ARBEITSLEBEN.pdf Graphic file (type pdf)
<use ARBEITSLEBEN.pdf, page 1>
Package pdftex.def Info: ARBEITSLEBEN.pdf , page1 used on input line 47.
(pdftex.def)             Requested size: 422.30568pt x 597.61578pt.
File: ARBEITSLEBEN.pdf Graphic file (type pdf)
<use ARBEITSLEBEN.pdf, page 1>
Package pdftex.def Info: ARBEITSLEBEN.pdf , page1 used on input line 47.
(pdftex.def)             Requested size: 422.30568pt x 597.61578pt.
<ARBEITSLEBEN.pdf, id=972, page=2, 597.23125pt x 845.1575pt>
File: ARBEITSLEBEN.pdf Graphic file (type pdf)
<use ARBEITSLEBEN.pdf, page 2>
Package pdftex.def Info: ARBEITSLEBEN.pdf , page2 used on input line 47.
(pdftex.def)             Requested size: 422.30568pt x 597.61578pt.
File: ARBEITSLEBEN.pdf Graphic file (type pdf)
<use ARBEITSLEBEN.pdf, page 2>
Package pdftex.def Info: ARBEITSLEBEN.pdf , page2 used on input line 47.
(pdftex.def)             Requested size: 422.30568pt x 597.61578pt.


File: ARBEITSLEBEN.pdf Graphic file (type pdf)
<use ARBEITSLEBEN.pdf, page 1>
Package pdftex.def Info: ARBEITSLEBEN.pdf , page1 used on input line 47.
(pdftex.def)             Requested size: 422.30568pt x 597.61578pt.
File: ARBEITSLEBEN.pdf Graphic file (type pdf)
<use ARBEITSLEBEN.pdf, page 2>
Package pdftex.def Info: ARBEITSLEBEN.pdf , page2 used on input line 47.
(pdftex.def)             Requested size: 422.30568pt x 597.61578pt.
[56

 <./ARBEITSLEBEN.pdf> <./ARBEITSLEBEN.pdf>]
<ARBEITSLEBEN.pdf, id=992, page=3, 597.23125pt x 845.1575pt>
File: ARBEITSLEBEN.pdf Graphic file (type pdf)
<use ARBEITSLEBEN.pdf, page 3>
Package pdftex.def Info: ARBEITSLEBEN.pdf , page3 used on input line 47.
(pdftex.def)             Requested size: 422.30568pt x 597.61578pt.
File: ARBEITSLEBEN.pdf Graphic file (type pdf)
<use ARBEITSLEBEN.pdf, page 3>
Package pdftex.def Info: ARBEITSLEBEN.pdf , page3 used on input line 47.
(pdftex.def)             Requested size: 422.30568pt x 597.61578pt.
<ARBEITSLEBEN.pdf, id=993, page=4, 597.23125pt x 845.1575pt>
File: ARBEITSLEBEN.pdf Graphic file (type pdf)
<use ARBEITSLEBEN.pdf, page 4>
Package pdftex.def Info: ARBEITSLEBEN.pdf , page4 used on input line 47.
(pdftex.def)             Requested size: 422.30568pt x 597.61578pt.
File: ARBEITSLEBEN.pdf Graphic file (type pdf)
<use ARBEITSLEBEN.pdf, page 4>
Package pdftex.def Info: ARBEITSLEBEN.pdf , page4 used on input line 47.
(pdftex.def)             Requested size: 422.30568pt x 597.61578pt.


File: ARBEITSLEBEN.pdf Graphic file (type pdf)
<use ARBEITSLEBEN.pdf, page 3>
Package pdftex.def Info: ARBEITSLEBEN.pdf , page3 used on input line 47.
(pdftex.def)             Requested size: 422.30568pt x 597.61578pt.
File: ARBEITSLEBEN.pdf Graphic file (type pdf)
<use ARBEITSLEBEN.pdf, page 4>
Package pdftex.def Info: ARBEITSLEBEN.pdf , page4 used on input line 47.
(pdftex.def)             Requested size: 422.30568pt x 597.61578pt.
[57

 <./ARBEITSLEBEN.pdf> <./ARBEITSLEBEN.pdf>]
<ARBEITSLEBEN.pdf, id=1002, page=5, 597.23125pt x 845.1575pt>
File: ARBEITSLEBEN.pdf Graphic file (type pdf)
<use ARBEITSLEBEN.pdf, page 5>
Package pdftex.def Info: ARBEITSLEBEN.pdf , page5 used on input line 47.
(pdftex.def)             Requested size: 422.30568pt x 597.61578pt.
File: ARBEITSLEBEN.pdf Graphic file (type pdf)
<use ARBEITSLEBEN.pdf, page 5>
Package pdftex.def Info: ARBEITSLEBEN.pdf , page5 used on input line 47.
(pdftex.def)             Requested size: 422.30568pt x 597.61578pt.
<ARBEITSLEBEN.pdf, id=1003, page=6, 597.23125pt x 845.1575pt>
File: ARBEITSLEBEN.pdf Graphic file (type pdf)
<use ARBEITSLEBEN.pdf, page 6>
Package pdftex.def Info: ARBEITSLEBEN.pdf , page6 used on input line 47.
(pdftex.def)             Requested size: 422.30568pt x 597.61578pt.
File: ARBEITSLEBEN.pdf Graphic file (type pdf)
<use ARBEITSLEBEN.pdf, page 6>
Package pdftex.def Info: ARBEITSLEBEN.pdf , page6 used on input line 47.
(pdftex.def)             Requested size: 422.30568pt x 597.61578pt.


File: ARBEITSLEBEN.pdf Graphic file (type pdf)
<use ARBEITSLEBEN.pdf, page 5>
Package pdftex.def Info: ARBEITSLEBEN.pdf , page5 used on input line 47.
(pdftex.def)             Requested size: 422.30568pt x 597.61578pt.
File: ARBEITSLEBEN.pdf Graphic file (type pdf)
<use ARBEITSLEBEN.pdf, page 6>
Package pdftex.def Info: ARBEITSLEBEN.pdf , page6 used on input line 47.
(pdftex.def)             Requested size: 422.30568pt x 597.61578pt.
[58

 <./ARBEITSLEBEN.pdf> <./ARBEITSLEBEN.pdf>]
<ARBEITSLEBEN.pdf, id=1012, page=7, 597.23125pt x 845.1575pt>
File: ARBEITSLEBEN.pdf Graphic file (type pdf)
<use ARBEITSLEBEN.pdf, page 7>
Package pdftex.def Info: ARBEITSLEBEN.pdf , page7 used on input line 47.
(pdftex.def)             Requested size: 422.30568pt x 597.61578pt.
File: ARBEITSLEBEN.pdf Graphic file (type pdf)
<use ARBEITSLEBEN.pdf, page 7>
Package pdftex.def Info: ARBEITSLEBEN.pdf , page7 used on input line 47.
(pdftex.def)             Requested size: 422.30568pt x 597.61578pt.
<ARBEITSLEBEN.pdf, id=1013, page=8, 597.23125pt x 845.1575pt>
File: ARBEITSLEBEN.pdf Graphic file (type pdf)
<use ARBEITSLEBEN.pdf, page 8>
Package pdftex.def Info: ARBEITSLEBEN.pdf , page8 used on input line 47.
(pdftex.def)             Requested size: 422.30568pt x 597.61578pt.
File: ARBEITSLEBEN.pdf Graphic file (type pdf)
<use ARBEITSLEBEN.pdf, page 8>
Package pdftex.def Info: ARBEITSLEBEN.pdf , page8 used on input line 47.
(pdftex.def)             Requested size: 422.30568pt x 597.61578pt.


File: ARBEITSLEBEN.pdf Graphic file (type pdf)
<use ARBEITSLEBEN.pdf, page 7>
Package pdftex.def Info: ARBEITSLEBEN.pdf , page7 used on input line 47.
(pdftex.def)             Requested size: 422.30568pt x 597.61578pt.
File: ARBEITSLEBEN.pdf Graphic file (type pdf)
<use ARBEITSLEBEN.pdf, page 8>
Package pdftex.def Info: ARBEITSLEBEN.pdf , page8 used on input line 47.
(pdftex.def)             Requested size: 422.30568pt x 597.61578pt.
[59

 <./ARBEITSLEBEN.pdf> <./ARBEITSLEBEN.pdf>]
<ARBEITSLEBEN.pdf, id=1022, page=9, 597.23125pt x 845.1575pt>
File: ARBEITSLEBEN.pdf Graphic file (type pdf)
<use ARBEITSLEBEN.pdf, page 9>
Package pdftex.def Info: ARBEITSLEBEN.pdf , page9 used on input line 47.
(pdftex.def)             Requested size: 422.30568pt x 597.61578pt.
File: ARBEITSLEBEN.pdf Graphic file (type pdf)
<use ARBEITSLEBEN.pdf, page 9>
Package pdftex.def Info: ARBEITSLEBEN.pdf , page9 used on input line 47.
(pdftex.def)             Requested size: 422.30568pt x 597.61578pt.
<ARBEITSLEBEN.pdf, id=1023, page=10, 597.23125pt x 845.1575pt>
File: ARBEITSLEBEN.pdf Graphic file (type pdf)
<use ARBEITSLEBEN.pdf, page 10>
Package pdftex.def Info: ARBEITSLEBEN.pdf , page10 used on input line 47.
(pdftex.def)             Requested size: 422.30568pt x 597.61578pt.
File: ARBEITSLEBEN.pdf Graphic file (type pdf)
<use ARBEITSLEBEN.pdf, page 10>
Package pdftex.def Info: ARBEITSLEBEN.pdf , page10 used on input line 47.
(pdftex.def)             Requested size: 422.30568pt x 597.61578pt.


File: ARBEITSLEBEN.pdf Graphic file (type pdf)
<use ARBEITSLEBEN.pdf, page 9>
Package pdftex.def Info: ARBEITSLEBEN.pdf , page9 used on input line 47.
(pdftex.def)             Requested size: 422.30568pt x 597.61578pt.
File: ARBEITSLEBEN.pdf Graphic file (type pdf)
<use ARBEITSLEBEN.pdf, page 10>
Package pdftex.def Info: ARBEITSLEBEN.pdf , page10 used on input line 47.
(pdftex.def)             Requested size: 422.30568pt x 597.61578pt.
[60

 <./ARBEITSLEBEN.pdf> <./ARBEITSLEBEN.pdf>]
<ARBEITSLEBEN.pdf, id=1032, page=11, 597.23125pt x 845.1575pt>
File: ARBEITSLEBEN.pdf Graphic file (type pdf)
<use ARBEITSLEBEN.pdf, page 11>
Package pdftex.def Info: ARBEITSLEBEN.pdf , page11 used on input line 47.
(pdftex.def)             Requested size: 422.30568pt x 597.61578pt.
File: ARBEITSLEBEN.pdf Graphic file (type pdf)
<use ARBEITSLEBEN.pdf, page 11>
Package pdftex.def Info: ARBEITSLEBEN.pdf , page11 used on input line 47.
(pdftex.def)             Requested size: 422.30568pt x 597.61578pt.
<ARBEITSLEBEN.pdf, id=1033, page=12, 597.23125pt x 845.1575pt>
File: ARBEITSLEBEN.pdf Graphic file (type pdf)
<use ARBEITSLEBEN.pdf, page 12>
Package pdftex.def Info: ARBEITSLEBEN.pdf , page12 used on input line 47.
(pdftex.def)             Requested size: 422.30568pt x 597.61578pt.
File: ARBEITSLEBEN.pdf Graphic file (type pdf)
<use ARBEITSLEBEN.pdf, page 12>
Package pdftex.def Info: ARBEITSLEBEN.pdf , page12 used on input line 47.
(pdftex.def)             Requested size: 422.30568pt x 597.61578pt.


File: ARBEITSLEBEN.pdf Graphic file (type pdf)
<use ARBEITSLEBEN.pdf, page 11>
Package pdftex.def Info: ARBEITSLEBEN.pdf , page11 used on input line 47.
(pdftex.def)             Requested size: 422.30568pt x 597.61578pt.
File: ARBEITSLEBEN.pdf Graphic file (type pdf)
<use ARBEITSLEBEN.pdf, page 12>
Package pdftex.def Info: ARBEITSLEBEN.pdf , page12 used on input line 47.
(pdftex.def)             Requested size: 422.30568pt x 597.61578pt.
[61

 <./ARBEITSLEBEN.pdf> <./ARBEITSLEBEN.pdf>]
<ARBEITSLEBEN.pdf, id=1043, page=13, 597.23125pt x 845.1575pt>
File: ARBEITSLEBEN.pdf Graphic file (type pdf)
<use ARBEITSLEBEN.pdf, page 13>
Package pdftex.def Info: ARBEITSLEBEN.pdf , page13 used on input line 47.
(pdftex.def)             Requested size: 422.30568pt x 597.61578pt.
File: ARBEITSLEBEN.pdf Graphic file (type pdf)
<use ARBEITSLEBEN.pdf, page 13>
Package pdftex.def Info: ARBEITSLEBEN.pdf , page13 used on input line 47.
(pdftex.def)             Requested size: 422.30568pt x 597.61578pt.
<ARBEITSLEBEN.pdf, id=1044, page=14, 597.23125pt x 845.1575pt>
File: ARBEITSLEBEN.pdf Graphic file (type pdf)
<use ARBEITSLEBEN.pdf, page 14>
Package pdftex.def Info: ARBEITSLEBEN.pdf , page14 used on input line 47.
(pdftex.def)             Requested size: 422.30568pt x 597.61578pt.
File: ARBEITSLEBEN.pdf Graphic file (type pdf)
<use ARBEITSLEBEN.pdf, page 14>
Package pdftex.def Info: ARBEITSLEBEN.pdf , page14 used on input line 47.
(pdftex.def)             Requested size: 422.30568pt x 597.61578pt.


File: ARBEITSLEBEN.pdf Graphic file (type pdf)
<use ARBEITSLEBEN.pdf, page 13>
Package pdftex.def Info: ARBEITSLEBEN.pdf , page13 used on input line 47.
(pdftex.def)             Requested size: 422.30568pt x 597.61578pt.
File: ARBEITSLEBEN.pdf Graphic file (type pdf)
<use ARBEITSLEBEN.pdf, page 14>
Package pdftex.def Info: ARBEITSLEBEN.pdf , page14 used on input line 47.
(pdftex.def)             Requested size: 422.30568pt x 597.61578pt.
[62

 <./ARBEITSLEBEN.pdf> <./ARBEITSLEBEN.pdf>]
<ARBEITSLEBEN.pdf, id=1053, page=15, 597.23125pt x 845.1575pt>
File: ARBEITSLEBEN.pdf Graphic file (type pdf)
<use ARBEITSLEBEN.pdf, page 15>
Package pdftex.def Info: ARBEITSLEBEN.pdf , page15 used on input line 47.
(pdftex.def)             Requested size: 422.30568pt x 597.61578pt.
File: ARBEITSLEBEN.pdf Graphic file (type pdf)
<use ARBEITSLEBEN.pdf, page 15>
Package pdftex.def Info: ARBEITSLEBEN.pdf , page15 used on input line 47.
(pdftex.def)             Requested size: 422.30568pt x 597.61578pt.
File: ARBEITSLEBEN.pdf Graphic file (type pdf)
<use ARBEITSLEBEN.pdf, page 1>
Package pdftex.def Info: ARBEITSLEBEN.pdf , page1 used on input line 47.
(pdftex.def)             Requested size: 422.30568pt x 597.61578pt.
File: ARBEITSLEBEN.pdf Graphic file (type pdf)
<use ARBEITSLEBEN.pdf, page 1>
Package pdftex.def Info: ARBEITSLEBEN.pdf , page1 used on input line 47.
(pdftex.def)             Requested size: 422.30568pt x 597.61578pt.


File: ARBEITSLEBEN.pdf Graphic file (type pdf)
<use ARBEITSLEBEN.pdf, page 15>
Package pdftex.def Info: ARBEITSLEBEN.pdf , page15 used on input line 47.
(pdftex.def)             Requested size: 422.30568pt x 597.61578pt.
[63

 <./ARBEITSLEBEN.pdf>]
<WIRTSCHAFTSPOLITIK.pdf, id=1060, 597.23125pt x 845.1575pt>
File: WIRTSCHAFTSPOLITIK.pdf Graphic file (type pdf)
<use WIRTSCHAFTSPOLITIK.pdf>
Package pdftex.def Info: WIRTSCHAFTSPOLITIK.pdf  used on input line 60.
(pdftex.def)             Requested size: 597.22978pt x 845.15544pt.
<WIRTSCHAFTSPOLITIK.pdf, id=1062, page=1, 597.23125pt x 845.1575pt>
File: WIRTSCHAFTSPOLITIK.pdf Graphic file (type pdf)
<use WIRTSCHAFTSPOLITIK.pdf, page 1>
Package pdftex.def Info: WIRTSCHAFTSPOLITIK.pdf , page1 used on input line 60.
(pdftex.def)             Requested size: 597.22978pt x 845.15544pt.
File: WIRTSCHAFTSPOLITIK.pdf Graphic file (type pdf)
<use WIRTSCHAFTSPOLITIK.pdf, page 1>
Package pdftex.def Info: WIRTSCHAFTSPOLITIK.pdf , page1 used on input line 60.
(pdftex.def)             Requested size: 422.30568pt x 597.61578pt.
File: WIRTSCHAFTSPOLITIK.pdf Graphic file (type pdf)
<use WIRTSCHAFTSPOLITIK.pdf, page 1>
Package pdftex.def Info: WIRTSCHAFTSPOLITIK.pdf , page1 used on input line 60.
(pdftex.def)             Requested size: 422.30568pt x 597.61578pt.
File: WIRTSCHAFTSPOLITIK.pdf Graphic file (type pdf)
<use WIRTSCHAFTSPOLITIK.pdf, page 1>
Package pdftex.def Info: WIRTSCHAFTSPOLITIK.pdf , page1 used on input line 60.
(pdftex.def)             Requested size: 422.30568pt x 597.61578pt.
<WIRTSCHAFTSPOLITIK.pdf, id=1063, page=2, 597.23125pt x 845.1575pt>
File: WIRTSCHAFTSPOLITIK.pdf Graphic file (type pdf)
<use WIRTSCHAFTSPOLITIK.pdf, page 2>
Package pdftex.def Info: WIRTSCHAFTSPOLITIK.pdf , page2 used on input line 60.
(pdftex.def)             Requested size: 422.30568pt x 597.61578pt.
File: WIRTSCHAFTSPOLITIK.pdf Graphic file (type pdf)
<use WIRTSCHAFTSPOLITIK.pdf, page 2>
Package pdftex.def Info: WIRTSCHAFTSPOLITIK.pdf , page2 used on input line 60.
(pdftex.def)             Requested size: 422.30568pt x 597.61578pt.


File: WIRTSCHAFTSPOLITIK.pdf Graphic file (type pdf)
<use WIRTSCHAFTSPOLITIK.pdf, page 1>
Package pdftex.def Info: WIRTSCHAFTSPOLITIK.pdf , page1 used on input line 60.
(pdftex.def)             Requested size: 422.30568pt x 597.61578pt.
File: WIRTSCHAFTSPOLITIK.pdf Graphic file (type pdf)
<use WIRTSCHAFTSPOLITIK.pdf, page 2>
Package pdftex.def Info: WIRTSCHAFTSPOLITIK.pdf , page2 used on input line 60.
(pdftex.def)             Requested size: 422.30568pt x 597.61578pt.
[64

 <./WIRTSCHAFTSPOLITIK.pdf> <./WIRTSCHAFTSPOLITIK.pdf>]
<WIRTSCHAFTSPOLITIK.pdf, id=1082, page=3, 597.23125pt x 845.1575pt>
File: WIRTSCHAFTSPOLITIK.pdf Graphic file (type pdf)
<use WIRTSCHAFTSPOLITIK.pdf, page 3>
Package pdftex.def Info: WIRTSCHAFTSPOLITIK.pdf , page3 used on input line 60.
(pdftex.def)             Requested size: 422.30568pt x 597.61578pt.
File: WIRTSCHAFTSPOLITIK.pdf Graphic file (type pdf)
<use WIRTSCHAFTSPOLITIK.pdf, page 3>
Package pdftex.def Info: WIRTSCHAFTSPOLITIK.pdf , page3 used on input line 60.
(pdftex.def)             Requested size: 422.30568pt x 597.61578pt.
<WIRTSCHAFTSPOLITIK.pdf, id=1083, page=4, 597.23125pt x 845.1575pt>
File: WIRTSCHAFTSPOLITIK.pdf Graphic file (type pdf)
<use WIRTSCHAFTSPOLITIK.pdf, page 4>
Package pdftex.def Info: WIRTSCHAFTSPOLITIK.pdf , page4 used on input line 60.
(pdftex.def)             Requested size: 422.30568pt x 597.61578pt.
File: WIRTSCHAFTSPOLITIK.pdf Graphic file (type pdf)
<use WIRTSCHAFTSPOLITIK.pdf, page 4>
Package pdftex.def Info: WIRTSCHAFTSPOLITIK.pdf , page4 used on input line 60.
(pdftex.def)             Requested size: 422.30568pt x 597.61578pt.


File: WIRTSCHAFTSPOLITIK.pdf Graphic file (type pdf)
<use WIRTSCHAFTSPOLITIK.pdf, page 3>
Package pdftex.def Info: WIRTSCHAFTSPOLITIK.pdf , page3 used on input line 60.
(pdftex.def)             Requested size: 422.30568pt x 597.61578pt.
File: WIRTSCHAFTSPOLITIK.pdf Graphic file (type pdf)
<use WIRTSCHAFTSPOLITIK.pdf, page 4>
Package pdftex.def Info: WIRTSCHAFTSPOLITIK.pdf , page4 used on input line 60.
(pdftex.def)             Requested size: 422.30568pt x 597.61578pt.
[65

 <./WIRTSCHAFTSPOLITIK.pdf> <./WIRTSCHAFTSPOLITIK.pdf>]
<WIRTSCHAFTSPOLITIK.pdf, id=1092, page=5, 597.23125pt x 845.1575pt>
File: WIRTSCHAFTSPOLITIK.pdf Graphic file (type pdf)
<use WIRTSCHAFTSPOLITIK.pdf, page 5>
Package pdftex.def Info: WIRTSCHAFTSPOLITIK.pdf , page5 used on input line 60.
(pdftex.def)             Requested size: 422.30568pt x 597.61578pt.
File: WIRTSCHAFTSPOLITIK.pdf Graphic file (type pdf)
<use WIRTSCHAFTSPOLITIK.pdf, page 5>
Package pdftex.def Info: WIRTSCHAFTSPOLITIK.pdf , page5 used on input line 60.
(pdftex.def)             Requested size: 422.30568pt x 597.61578pt.
<WIRTSCHAFTSPOLITIK.pdf, id=1093, page=6, 597.23125pt x 845.1575pt>
File: WIRTSCHAFTSPOLITIK.pdf Graphic file (type pdf)
<use WIRTSCHAFTSPOLITIK.pdf, page 6>
Package pdftex.def Info: WIRTSCHAFTSPOLITIK.pdf , page6 used on input line 60.
(pdftex.def)             Requested size: 422.30568pt x 597.61578pt.
File: WIRTSCHAFTSPOLITIK.pdf Graphic file (type pdf)
<use WIRTSCHAFTSPOLITIK.pdf, page 6>
Package pdftex.def Info: WIRTSCHAFTSPOLITIK.pdf , page6 used on input line 60.
(pdftex.def)             Requested size: 422.30568pt x 597.61578pt.


File: WIRTSCHAFTSPOLITIK.pdf Graphic file (type pdf)
<use WIRTSCHAFTSPOLITIK.pdf, page 5>
Package pdftex.def Info: WIRTSCHAFTSPOLITIK.pdf , page5 used on input line 60.
(pdftex.def)             Requested size: 422.30568pt x 597.61578pt.
File: WIRTSCHAFTSPOLITIK.pdf Graphic file (type pdf)
<use WIRTSCHAFTSPOLITIK.pdf, page 6>
Package pdftex.def Info: WIRTSCHAFTSPOLITIK.pdf , page6 used on input line 60.
(pdftex.def)             Requested size: 422.30568pt x 597.61578pt.
[66

 <./WIRTSCHAFTSPOLITIK.pdf> <./WIRTSCHAFTSPOLITIK.pdf>]
<WIRTSCHAFTSPOLITIK.pdf, id=1102, page=7, 597.23125pt x 845.1575pt>
File: WIRTSCHAFTSPOLITIK.pdf Graphic file (type pdf)
<use WIRTSCHAFTSPOLITIK.pdf, page 7>
Package pdftex.def Info: WIRTSCHAFTSPOLITIK.pdf , page7 used on input line 60.
(pdftex.def)             Requested size: 422.30568pt x 597.61578pt.
File: WIRTSCHAFTSPOLITIK.pdf Graphic file (type pdf)
<use WIRTSCHAFTSPOLITIK.pdf, page 7>
Package pdftex.def Info: WIRTSCHAFTSPOLITIK.pdf , page7 used on input line 60.
(pdftex.def)             Requested size: 422.30568pt x 597.61578pt.
<WIRTSCHAFTSPOLITIK.pdf, id=1103, page=8, 597.23125pt x 845.1575pt>
File: WIRTSCHAFTSPOLITIK.pdf Graphic file (type pdf)
<use WIRTSCHAFTSPOLITIK.pdf, page 8>
Package pdftex.def Info: WIRTSCHAFTSPOLITIK.pdf , page8 used on input line 60.
(pdftex.def)             Requested size: 422.30568pt x 597.61578pt.
File: WIRTSCHAFTSPOLITIK.pdf Graphic file (type pdf)
<use WIRTSCHAFTSPOLITIK.pdf, page 8>
Package pdftex.def Info: WIRTSCHAFTSPOLITIK.pdf , page8 used on input line 60.
(pdftex.def)             Requested size: 422.30568pt x 597.61578pt.


File: WIRTSCHAFTSPOLITIK.pdf Graphic file (type pdf)
<use WIRTSCHAFTSPOLITIK.pdf, page 7>
Package pdftex.def Info: WIRTSCHAFTSPOLITIK.pdf , page7 used on input line 60.
(pdftex.def)             Requested size: 422.30568pt x 597.61578pt.
File: WIRTSCHAFTSPOLITIK.pdf Graphic file (type pdf)
<use WIRTSCHAFTSPOLITIK.pdf, page 8>
Package pdftex.def Info: WIRTSCHAFTSPOLITIK.pdf , page8 used on input line 60.
(pdftex.def)             Requested size: 422.30568pt x 597.61578pt.
[67

 <./WIRTSCHAFTSPOLITIK.pdf> <./WIRTSCHAFTSPOLITIK.pdf>]
<WIRTSCHAFTSPOLITIK.pdf, id=1113, page=9, 597.23125pt x 845.1575pt>
File: WIRTSCHAFTSPOLITIK.pdf Graphic file (type pdf)
<use WIRTSCHAFTSPOLITIK.pdf, page 9>
Package pdftex.def Info: WIRTSCHAFTSPOLITIK.pdf , page9 used on input line 60.
(pdftex.def)             Requested size: 422.30568pt x 597.61578pt.
File: WIRTSCHAFTSPOLITIK.pdf Graphic file (type pdf)
<use WIRTSCHAFTSPOLITIK.pdf, page 9>
Package pdftex.def Info: WIRTSCHAFTSPOLITIK.pdf , page9 used on input line 60.
(pdftex.def)             Requested size: 422.30568pt x 597.61578pt.
<WIRTSCHAFTSPOLITIK.pdf, id=1114, page=10, 597.23125pt x 845.1575pt>
File: WIRTSCHAFTSPOLITIK.pdf Graphic file (type pdf)
<use WIRTSCHAFTSPOLITIK.pdf, page 10>
Package pdftex.def Info: WIRTSCHAFTSPOLITIK.pdf , page10 used on input line 60.
(pdftex.def)             Requested size: 422.30568pt x 597.61578pt.
File: WIRTSCHAFTSPOLITIK.pdf Graphic file (type pdf)
<use WIRTSCHAFTSPOLITIK.pdf, page 10>
Package pdftex.def Info: WIRTSCHAFTSPOLITIK.pdf , page10 used on input line 60.
(pdftex.def)             Requested size: 422.30568pt x 597.61578pt.


File: WIRTSCHAFTSPOLITIK.pdf Graphic file (type pdf)
<use WIRTSCHAFTSPOLITIK.pdf, page 9>
Package pdftex.def Info: WIRTSCHAFTSPOLITIK.pdf , page9 used on input line 60.
(pdftex.def)             Requested size: 422.30568pt x 597.61578pt.
File: WIRTSCHAFTSPOLITIK.pdf Graphic file (type pdf)
<use WIRTSCHAFTSPOLITIK.pdf, page 10>
Package pdftex.def Info: WIRTSCHAFTSPOLITIK.pdf , page10 used on input line 60.
(pdftex.def)             Requested size: 422.30568pt x 597.61578pt.
[68

 <./WIRTSCHAFTSPOLITIK.pdf> <./WIRTSCHAFTSPOLITIK.pdf>]
<WIRTSCHAFTSPOLITIK.pdf, id=1123, page=11, 597.23125pt x 845.1575pt>
File: WIRTSCHAFTSPOLITIK.pdf Graphic file (type pdf)
<use WIRTSCHAFTSPOLITIK.pdf, page 11>
Package pdftex.def Info: WIRTSCHAFTSPOLITIK.pdf , page11 used on input line 60.
(pdftex.def)             Requested size: 422.30568pt x 597.61578pt.
File: WIRTSCHAFTSPOLITIK.pdf Graphic file (type pdf)
<use WIRTSCHAFTSPOLITIK.pdf, page 11>
Package pdftex.def Info: WIRTSCHAFTSPOLITIK.pdf , page11 used on input line 60.
(pdftex.def)             Requested size: 422.30568pt x 597.61578pt.
<WIRTSCHAFTSPOLITIK.pdf, id=1124, page=12, 597.23125pt x 845.1575pt>
File: WIRTSCHAFTSPOLITIK.pdf Graphic file (type pdf)
<use WIRTSCHAFTSPOLITIK.pdf, page 12>
Package pdftex.def Info: WIRTSCHAFTSPOLITIK.pdf , page12 used on input line 60.
(pdftex.def)             Requested size: 422.30568pt x 597.61578pt.
File: WIRTSCHAFTSPOLITIK.pdf Graphic file (type pdf)
<use WIRTSCHAFTSPOLITIK.pdf, page 12>
Package pdftex.def Info: WIRTSCHAFTSPOLITIK.pdf , page12 used on input line 60.
(pdftex.def)             Requested size: 422.30568pt x 597.61578pt.


File: WIRTSCHAFTSPOLITIK.pdf Graphic file (type pdf)
<use WIRTSCHAFTSPOLITIK.pdf, page 11>
Package pdftex.def Info: WIRTSCHAFTSPOLITIK.pdf , page11 used on input line 60.
(pdftex.def)             Requested size: 422.30568pt x 597.61578pt.
File: WIRTSCHAFTSPOLITIK.pdf Graphic file (type pdf)
<use WIRTSCHAFTSPOLITIK.pdf, page 12>
Package pdftex.def Info: WIRTSCHAFTSPOLITIK.pdf , page12 used on input line 60.
(pdftex.def)             Requested size: 422.30568pt x 597.61578pt.
[69

 <./WIRTSCHAFTSPOLITIK.pdf> <./WIRTSCHAFTSPOLITIK.pdf>]
<WIRTSCHAFTSPOLITIK.pdf, id=1133, page=13, 597.23125pt x 845.1575pt>
File: WIRTSCHAFTSPOLITIK.pdf Graphic file (type pdf)
<use WIRTSCHAFTSPOLITIK.pdf, page 13>
Package pdftex.def Info: WIRTSCHAFTSPOLITIK.pdf , page13 used on input line 60.
(pdftex.def)             Requested size: 422.30568pt x 597.61578pt.
File: WIRTSCHAFTSPOLITIK.pdf Graphic file (type pdf)
<use WIRTSCHAFTSPOLITIK.pdf, page 13>
Package pdftex.def Info: WIRTSCHAFTSPOLITIK.pdf , page13 used on input line 60.
(pdftex.def)             Requested size: 422.30568pt x 597.61578pt.
<WIRTSCHAFTSPOLITIK.pdf, id=1134, page=14, 597.23125pt x 845.1575pt>
File: WIRTSCHAFTSPOLITIK.pdf Graphic file (type pdf)
<use WIRTSCHAFTSPOLITIK.pdf, page 14>
Package pdftex.def Info: WIRTSCHAFTSPOLITIK.pdf , page14 used on input line 60.
(pdftex.def)             Requested size: 422.30568pt x 597.61578pt.
File: WIRTSCHAFTSPOLITIK.pdf Graphic file (type pdf)
<use WIRTSCHAFTSPOLITIK.pdf, page 14>
Package pdftex.def Info: WIRTSCHAFTSPOLITIK.pdf , page14 used on input line 60.
(pdftex.def)             Requested size: 422.30568pt x 597.61578pt.


File: WIRTSCHAFTSPOLITIK.pdf Graphic file (type pdf)
<use WIRTSCHAFTSPOLITIK.pdf, page 13>
Package pdftex.def Info: WIRTSCHAFTSPOLITIK.pdf , page13 used on input line 60.
(pdftex.def)             Requested size: 422.30568pt x 597.61578pt.
File: WIRTSCHAFTSPOLITIK.pdf Graphic file (type pdf)
<use WIRTSCHAFTSPOLITIK.pdf, page 14>
Package pdftex.def Info: WIRTSCHAFTSPOLITIK.pdf , page14 used on input line 60.
(pdftex.def)             Requested size: 422.30568pt x 597.61578pt.
[70

 <./WIRTSCHAFTSPOLITIK.pdf> <./WIRTSCHAFTSPOLITIK.pdf>]) (./main.aux)
 ***********
LaTeX2e <2025-06-01> patch level 1
L3 programming layer <2025-05-26>
 ***********
Package logreq Info: Writing requests to 'main.run.xml'.
\openout1 = `main.run.xml'.

 ) 
Here is how much of TeX's memory you used:
 33039 strings out of 467886
 646452 string characters out of 5438218
 1671366 words of memory out of 5000000
 60896 multiletter control sequences out of 15000+600000
 700835 words of font info for 101 fonts, out of 8000000 for 9000
 1143 hyphenation exceptions out of 8191
 113i,17n,110p,10951b,4039s stack positions out of 10000i,1000n,20000p,200000b,200000s
<c:/texlive/2025/texmf-dist/fonts/type1/public/lm/lmr10.pfb><c:/texlive/2025/texmf-dist/fonts/type1/public/lm/lmr12.pfb><c:/texlive/2025/texmf-dist/fonts/type1/public/lm/lmsy10.pfb><c:/texlive/2025/texmf-dist/fonts/type1/public/lm/lmsy7.pfb><c:/texlive/2025/texmf-dist/fonts/type1/public/lm/lmsy8.pfb><c:/texlive/2025/texmf-dist/fonts/type1/urw/courier/ucrr8a.pfb><c:/texlive/2025/texmf-dist/fonts/type1/urw/helvetic/uhvb8a.pfb><c:/texlive/2025/texmf-dist/fonts/type1/urw/times/utmb8a.pfb><c:/texlive/2025/texmf-dist/fonts/type1/urw/times/utmr8a.pfb><c:/texlive/2025/texmf-dist/fonts/type1/urw/times/utmri8a.pfb>
Output written on main.pdf (76 pages, 2637339 bytes).
PDF statistics:
 1432 PDF objects out of 1440 (max. 8388607)
 1195 compressed objects within 12 object streams
 279 named destinations out of 1000 (max. 500000)
 763 words of extra memory for PDF output out of 10000 (max. 10000000)

